CRITICAL - 2023-07-07 12:51:08 --> Uncaught ErrorException: Undefined variable $activeTheme in /home4/kingcart/epapermedia.in/app/Views/errors/html/error_404.php:2
Stack trace:
#0 /home4/kingcart/epapermedia.in/app/Views/errors/html/error_404.php(2): CodeIgniter\Debug\Exceptions->errorHandler()
#1 /home4/kingcart/epapermedia.in/system/Debug/Exceptions.php(282): include('/home4/kingcart...')
#2 /home4/kingcart/epapermedia.in/system/Debug/Exceptions.php(285): CodeIgniter\Debug\Exceptions->CodeIgniter\Debug\{closure}()
#3 /home4/kingcart/epapermedia.in/system/Debug/Exceptions.php(156): CodeIgniter\Debug\Exceptions->render()
#4 [internal function]: CodeIgniter\Debug\Exceptions->exceptionHandler()
#5 {main}
  thrown
【Previous Exception】
CodeIgniter\Exceptions\PageNotFoundException
Page Not Found
#0 /home4/kingcart/epapermedia.in/system/CodeIgniter.php(992): CodeIgniter\Exceptions\PageNotFoundException::forPageNotFound()
#1 /home4/kingcart/epapermedia.in/system/CodeIgniter.php(385): CodeIgniter\CodeIgniter->display404errors()
#2 /home4/kingcart/epapermedia.in/index.php(77): CodeIgniter\CodeIgniter->run()
#3 {main}
in APPPATH/Views/errors/html/error_404.php on line 2.
 1 [internal function]: CodeIgniter\Debug\Exceptions->shutdownHandler()
CRITICAL - 2023-07-07 15:57:42 --> Uncaught ErrorException: Undefined variable $activeTheme in /home4/kingcart/epapermedia.in/app/Views/errors/html/error_404.php:2
Stack trace:
#0 /home4/kingcart/epapermedia.in/app/Views/errors/html/error_404.php(2): CodeIgniter\Debug\Exceptions->errorHandler()
#1 /home4/kingcart/epapermedia.in/system/Debug/Exceptions.php(282): include('/home4/kingcart...')
#2 /home4/kingcart/epapermedia.in/system/Debug/Exceptions.php(285): CodeIgniter\Debug\Exceptions->CodeIgniter\Debug\{closure}()
#3 /home4/kingcart/epapermedia.in/system/Debug/Exceptions.php(156): CodeIgniter\Debug\Exceptions->render()
#4 [internal function]: CodeIgniter\Debug\Exceptions->exceptionHandler()
#5 {main}
  thrown
【Previous Exception】
CodeIgniter\Exceptions\PageNotFoundException
Page Not Found
#0 /home4/kingcart/epapermedia.in/system/CodeIgniter.php(992): CodeIgniter\Exceptions\PageNotFoundException::forPageNotFound()
#1 /home4/kingcart/epapermedia.in/system/CodeIgniter.php(385): CodeIgniter\CodeIgniter->display404errors()
#2 /home4/kingcart/epapermedia.in/index.php(77): CodeIgniter\CodeIgniter->run()
#3 {main}
in APPPATH/Views/errors/html/error_404.php on line 2.
 1 [internal function]: CodeIgniter\Debug\Exceptions->shutdownHandler()
