CRITICAL - 2023-07-03 00:11:03 --> Undefined property: App\Controllers\AuthController::$db
in APPPATH/Controllers/AuthController.php on line 287.
 1 APPPATH/Controllers/AuthController.php(287): CodeIgniter\Debug\Exceptions->errorHandler()
 2 SYSTEMPATH/CodeIgniter.php(932): App\Controllers\AuthController->registerPost()
 3 SYSTEMPATH/CodeIgniter.php(497): CodeIgniter\CodeIgniter->runController()
 4 SYSTEMPATH/CodeIgniter.php(366): CodeIgniter\CodeIgniter->handleRequest()
 5 FCPATH/index.php(77): CodeIgniter\CodeIgniter->run()
CRITICAL - 2023-07-03 00:14:39 --> Undefined property: App\Controllers\AuthController::$db
in APPPATH/Controllers/AuthController.php on line 293.
 1 APPPATH/Controllers/AuthController.php(293): CodeIgniter\Debug\Exceptions->errorHandler()
 2 SYSTEMPATH/CodeIgniter.php(932): App\Controllers\AuthController->registerPost()
 3 SYSTEMPATH/CodeIgniter.php(497): CodeIgniter\CodeIgniter->runController()
 4 SYSTEMPATH/CodeIgniter.php(366): CodeIgniter\CodeIgniter->handleRequest()
 5 FCPATH/index.php(77): CodeIgniter\CodeIgniter->run()
ERROR - 2023-07-03 00:27:06 --> mysqli_sql_exception: Unknown column 'designation' in 'field list' in /home4/kingcart/epapermedia.in/system/Database/MySQLi/Connection.php:295
Stack trace:
#0 /home4/kingcart/epapermedia.in/system/Database/MySQLi/Connection.php(295): mysqli->query()
#1 /home4/kingcart/epapermedia.in/system/Database/BaseConnection.php(692): CodeIgniter\Database\MySQLi\Connection->execute()
#2 /home4/kingcart/epapermedia.in/system/Database/BaseConnection.php(606): CodeIgniter\Database\BaseConnection->simpleQuery()
#3 /home4/kingcart/epapermedia.in/system/Database/BaseBuilder.php(2309): CodeIgniter\Database\BaseConnection->query()
#4 /home4/kingcart/epapermedia.in/app/Models/AuthModel.php(217): CodeIgniter\Database\BaseBuilder->insert()
#5 /home4/kingcart/epapermedia.in/app/Controllers/AuthController.php(286): App\Models\AuthModel->register()
#6 /home4/kingcart/epapermedia.in/system/CodeIgniter.php(932): App\Controllers\AuthController->registerPost()
#7 /home4/kingcart/epapermedia.in/system/CodeIgniter.php(497): CodeIgniter\CodeIgniter->runController()
#8 /home4/kingcart/epapermedia.in/system/CodeIgniter.php(366): CodeIgniter\CodeIgniter->handleRequest()
#9 /home4/kingcart/epapermedia.in/index.php(77): CodeIgniter\CodeIgniter->run()
#10 {main}
ERROR - 2023-07-03 00:28:13 --> mysqli_sql_exception: Unknown column 'designation' in 'field list' in /home4/kingcart/epapermedia.in/system/Database/MySQLi/Connection.php:295
Stack trace:
#0 /home4/kingcart/epapermedia.in/system/Database/MySQLi/Connection.php(295): mysqli->query()
#1 /home4/kingcart/epapermedia.in/system/Database/BaseConnection.php(692): CodeIgniter\Database\MySQLi\Connection->execute()
#2 /home4/kingcart/epapermedia.in/system/Database/BaseConnection.php(606): CodeIgniter\Database\BaseConnection->simpleQuery()
#3 /home4/kingcart/epapermedia.in/system/Database/BaseBuilder.php(2309): CodeIgniter\Database\BaseConnection->query()
#4 /home4/kingcart/epapermedia.in/app/Models/AuthModel.php(217): CodeIgniter\Database\BaseBuilder->insert()
#5 /home4/kingcart/epapermedia.in/app/Controllers/AuthController.php(286): App\Models\AuthModel->register()
#6 /home4/kingcart/epapermedia.in/system/CodeIgniter.php(932): App\Controllers\AuthController->registerPost()
#7 /home4/kingcart/epapermedia.in/system/CodeIgniter.php(497): CodeIgniter\CodeIgniter->runController()
#8 /home4/kingcart/epapermedia.in/system/CodeIgniter.php(366): CodeIgniter\CodeIgniter->handleRequest()
#9 /home4/kingcart/epapermedia.in/index.php(77): CodeIgniter\CodeIgniter->run()
#10 {main}
ERROR - 2023-07-03 00:28:34 --> mysqli_sql_exception: Unknown column 'designation' in 'field list' in /home4/kingcart/epapermedia.in/system/Database/MySQLi/Connection.php:295
Stack trace:
#0 /home4/kingcart/epapermedia.in/system/Database/MySQLi/Connection.php(295): mysqli->query()
#1 /home4/kingcart/epapermedia.in/system/Database/BaseConnection.php(692): CodeIgniter\Database\MySQLi\Connection->execute()
#2 /home4/kingcart/epapermedia.in/system/Database/BaseConnection.php(606): CodeIgniter\Database\BaseConnection->simpleQuery()
#3 /home4/kingcart/epapermedia.in/system/Database/BaseBuilder.php(2309): CodeIgniter\Database\BaseConnection->query()
#4 /home4/kingcart/epapermedia.in/app/Models/AuthModel.php(217): CodeIgniter\Database\BaseBuilder->insert()
#5 /home4/kingcart/epapermedia.in/app/Controllers/AuthController.php(286): App\Models\AuthModel->register()
#6 /home4/kingcart/epapermedia.in/system/CodeIgniter.php(932): App\Controllers\AuthController->registerPost()
#7 /home4/kingcart/epapermedia.in/system/CodeIgniter.php(497): CodeIgniter\CodeIgniter->runController()
#8 /home4/kingcart/epapermedia.in/system/CodeIgniter.php(366): CodeIgniter\CodeIgniter->handleRequest()
#9 /home4/kingcart/epapermedia.in/index.php(77): CodeIgniter\CodeIgniter->run()
#10 {main}
ERROR - 2023-07-03 00:28:50 --> mysqli_sql_exception: Unknown column 'designation' in 'field list' in /home4/kingcart/epapermedia.in/system/Database/MySQLi/Connection.php:295
Stack trace:
#0 /home4/kingcart/epapermedia.in/system/Database/MySQLi/Connection.php(295): mysqli->query()
#1 /home4/kingcart/epapermedia.in/system/Database/BaseConnection.php(692): CodeIgniter\Database\MySQLi\Connection->execute()
#2 /home4/kingcart/epapermedia.in/system/Database/BaseConnection.php(606): CodeIgniter\Database\BaseConnection->simpleQuery()
#3 /home4/kingcart/epapermedia.in/system/Database/BaseBuilder.php(2309): CodeIgniter\Database\BaseConnection->query()
#4 /home4/kingcart/epapermedia.in/app/Models/AuthModel.php(217): CodeIgniter\Database\BaseBuilder->insert()
#5 /home4/kingcart/epapermedia.in/app/Controllers/AuthController.php(286): App\Models\AuthModel->register()
#6 /home4/kingcart/epapermedia.in/system/CodeIgniter.php(932): App\Controllers\AuthController->registerPost()
#7 /home4/kingcart/epapermedia.in/system/CodeIgniter.php(497): CodeIgniter\CodeIgniter->runController()
#8 /home4/kingcart/epapermedia.in/system/CodeIgniter.php(366): CodeIgniter\CodeIgniter->handleRequest()
#9 /home4/kingcart/epapermedia.in/index.php(77): CodeIgniter\CodeIgniter->run()
#10 {main}
CRITICAL - 2023-07-03 00:30:18 --> Array to string conversion
in APPPATH/Models/AuthModel.php on line 203.
 1 APPPATH/Models/AuthModel.php(203): CodeIgniter\Debug\Exceptions->errorHandler()
 2 APPPATH/Controllers/AuthController.php(280): App\Models\AuthModel->register()
 3 SYSTEMPATH/CodeIgniter.php(932): App\Controllers\AuthController->registerPost()
 4 SYSTEMPATH/CodeIgniter.php(497): CodeIgniter\CodeIgniter->runController()
 5 SYSTEMPATH/CodeIgniter.php(366): CodeIgniter\CodeIgniter->handleRequest()
 6 FCPATH/index.php(77): CodeIgniter\CodeIgniter->run()
ERROR - 2023-07-03 00:31:23 --> mysqli_sql_exception: Unknown column 'designation' in 'field list' in /home4/kingcart/epapermedia.in/system/Database/MySQLi/Connection.php:295
Stack trace:
#0 /home4/kingcart/epapermedia.in/system/Database/MySQLi/Connection.php(295): mysqli->query()
#1 /home4/kingcart/epapermedia.in/system/Database/BaseConnection.php(692): CodeIgniter\Database\MySQLi\Connection->execute()
#2 /home4/kingcart/epapermedia.in/system/Database/BaseConnection.php(606): CodeIgniter\Database\BaseConnection->simpleQuery()
#3 /home4/kingcart/epapermedia.in/system/Database/BaseBuilder.php(2309): CodeIgniter\Database\BaseConnection->query()
#4 /home4/kingcart/epapermedia.in/app/Models/AuthModel.php(217): CodeIgniter\Database\BaseBuilder->insert()
#5 /home4/kingcart/epapermedia.in/app/Controllers/AuthController.php(280): App\Models\AuthModel->register()
#6 /home4/kingcart/epapermedia.in/system/CodeIgniter.php(932): App\Controllers\AuthController->registerPost()
#7 /home4/kingcart/epapermedia.in/system/CodeIgniter.php(497): CodeIgniter\CodeIgniter->runController()
#8 /home4/kingcart/epapermedia.in/system/CodeIgniter.php(366): CodeIgniter\CodeIgniter->handleRequest()
#9 /home4/kingcart/epapermedia.in/index.php(77): CodeIgniter\CodeIgniter->run()
#10 {main}
ERROR - 2023-07-03 00:31:51 --> mysqli_sql_exception: Unknown column 'designation' in 'field list' in /home4/kingcart/epapermedia.in/system/Database/MySQLi/Connection.php:295
Stack trace:
#0 /home4/kingcart/epapermedia.in/system/Database/MySQLi/Connection.php(295): mysqli->query()
#1 /home4/kingcart/epapermedia.in/system/Database/BaseConnection.php(692): CodeIgniter\Database\MySQLi\Connection->execute()
#2 /home4/kingcart/epapermedia.in/system/Database/BaseConnection.php(606): CodeIgniter\Database\BaseConnection->simpleQuery()
#3 /home4/kingcart/epapermedia.in/system/Database/BaseBuilder.php(2309): CodeIgniter\Database\BaseConnection->query()
#4 /home4/kingcart/epapermedia.in/app/Models/AuthModel.php(217): CodeIgniter\Database\BaseBuilder->insert()
#5 /home4/kingcart/epapermedia.in/app/Controllers/AuthController.php(278): App\Models\AuthModel->register()
#6 /home4/kingcart/epapermedia.in/system/CodeIgniter.php(932): App\Controllers\AuthController->registerPost()
#7 /home4/kingcart/epapermedia.in/system/CodeIgniter.php(497): CodeIgniter\CodeIgniter->runController()
#8 /home4/kingcart/epapermedia.in/system/CodeIgniter.php(366): CodeIgniter\CodeIgniter->handleRequest()
#9 /home4/kingcart/epapermedia.in/index.php(77): CodeIgniter\CodeIgniter->run()
#10 {main}
ERROR - 2023-07-03 00:32:02 --> mysqli_sql_exception: Unknown column 'designation' in 'field list' in /home4/kingcart/epapermedia.in/system/Database/MySQLi/Connection.php:295
Stack trace:
#0 /home4/kingcart/epapermedia.in/system/Database/MySQLi/Connection.php(295): mysqli->query()
#1 /home4/kingcart/epapermedia.in/system/Database/BaseConnection.php(692): CodeIgniter\Database\MySQLi\Connection->execute()
#2 /home4/kingcart/epapermedia.in/system/Database/BaseConnection.php(606): CodeIgniter\Database\BaseConnection->simpleQuery()
#3 /home4/kingcart/epapermedia.in/system/Database/BaseBuilder.php(2309): CodeIgniter\Database\BaseConnection->query()
#4 /home4/kingcart/epapermedia.in/app/Models/AuthModel.php(217): CodeIgniter\Database\BaseBuilder->insert()
#5 /home4/kingcart/epapermedia.in/app/Controllers/AuthController.php(278): App\Models\AuthModel->register()
#6 /home4/kingcart/epapermedia.in/system/CodeIgniter.php(932): App\Controllers\AuthController->registerPost()
#7 /home4/kingcart/epapermedia.in/system/CodeIgniter.php(497): CodeIgniter\CodeIgniter->runController()
#8 /home4/kingcart/epapermedia.in/system/CodeIgniter.php(366): CodeIgniter\CodeIgniter->handleRequest()
#9 /home4/kingcart/epapermedia.in/index.php(77): CodeIgniter\CodeIgniter->run()
#10 {main}
ERROR - 2023-07-03 00:32:34 --> mysqli_sql_exception: Unknown column 'designation' in 'field list' in /home4/kingcart/epapermedia.in/system/Database/MySQLi/Connection.php:295
Stack trace:
#0 /home4/kingcart/epapermedia.in/system/Database/MySQLi/Connection.php(295): mysqli->query()
#1 /home4/kingcart/epapermedia.in/system/Database/BaseConnection.php(692): CodeIgniter\Database\MySQLi\Connection->execute()
#2 /home4/kingcart/epapermedia.in/system/Database/BaseConnection.php(606): CodeIgniter\Database\BaseConnection->simpleQuery()
#3 /home4/kingcart/epapermedia.in/system/Database/BaseBuilder.php(2309): CodeIgniter\Database\BaseConnection->query()
#4 /home4/kingcart/epapermedia.in/app/Models/AuthModel.php(217): CodeIgniter\Database\BaseBuilder->insert()
#5 /home4/kingcart/epapermedia.in/app/Controllers/AuthController.php(278): App\Models\AuthModel->register()
#6 /home4/kingcart/epapermedia.in/system/CodeIgniter.php(932): App\Controllers\AuthController->registerPost()
#7 /home4/kingcart/epapermedia.in/system/CodeIgniter.php(497): CodeIgniter\CodeIgniter->runController()
#8 /home4/kingcart/epapermedia.in/system/CodeIgniter.php(366): CodeIgniter\CodeIgniter->handleRequest()
#9 /home4/kingcart/epapermedia.in/index.php(77): CodeIgniter\CodeIgniter->run()
#10 {main}
ERROR - 2023-07-03 00:33:06 --> mysqli_sql_exception: Unknown column 'designation' in 'field list' in /home4/kingcart/epapermedia.in/system/Database/MySQLi/Connection.php:295
Stack trace:
#0 /home4/kingcart/epapermedia.in/system/Database/MySQLi/Connection.php(295): mysqli->query()
#1 /home4/kingcart/epapermedia.in/system/Database/BaseConnection.php(692): CodeIgniter\Database\MySQLi\Connection->execute()
#2 /home4/kingcart/epapermedia.in/system/Database/BaseConnection.php(606): CodeIgniter\Database\BaseConnection->simpleQuery()
#3 /home4/kingcart/epapermedia.in/system/Database/BaseBuilder.php(2309): CodeIgniter\Database\BaseConnection->query()
#4 /home4/kingcart/epapermedia.in/app/Models/AuthModel.php(217): CodeIgniter\Database\BaseBuilder->insert()
#5 /home4/kingcart/epapermedia.in/app/Controllers/AuthController.php(278): App\Models\AuthModel->register()
#6 /home4/kingcart/epapermedia.in/system/CodeIgniter.php(932): App\Controllers\AuthController->registerPost()
#7 /home4/kingcart/epapermedia.in/system/CodeIgniter.php(497): CodeIgniter\CodeIgniter->runController()
#8 /home4/kingcart/epapermedia.in/system/CodeIgniter.php(366): CodeIgniter\CodeIgniter->handleRequest()
#9 /home4/kingcart/epapermedia.in/index.php(77): CodeIgniter\CodeIgniter->run()
#10 {main}
CRITICAL - 2023-07-03 00:51:09 --> Undefined variable $showAlert
in APPPATH/Models/AuthModel.php on line 236.
 1 APPPATH/Models/AuthModel.php(236): CodeIgniter\Debug\Exceptions->errorHandler()
 2 APPPATH/Controllers/AuthController.php(278): App\Models\AuthModel->register()
 3 SYSTEMPATH/CodeIgniter.php(932): App\Controllers\AuthController->registerPost()
 4 SYSTEMPATH/CodeIgniter.php(497): CodeIgniter\CodeIgniter->runController()
 5 SYSTEMPATH/CodeIgniter.php(366): CodeIgniter\CodeIgniter->handleRequest()
 6 FCPATH/index.php(77): CodeIgniter\CodeIgniter->run()
CRITICAL - 2023-07-03 00:51:55 --> Undefined variable $showAlert
in APPPATH/Models/AuthModel.php on line 236.
 1 APPPATH/Models/AuthModel.php(236): CodeIgniter\Debug\Exceptions->errorHandler()
 2 APPPATH/Controllers/AuthController.php(278): App\Models\AuthModel->register()
 3 SYSTEMPATH/CodeIgniter.php(932): App\Controllers\AuthController->registerPost()
 4 SYSTEMPATH/CodeIgniter.php(497): CodeIgniter\CodeIgniter->runController()
 5 SYSTEMPATH/CodeIgniter.php(366): CodeIgniter\CodeIgniter->handleRequest()
 6 FCPATH/index.php(77): CodeIgniter\CodeIgniter->run()
CRITICAL - 2023-07-03 00:52:54 --> Undefined variable $showAlert
in APPPATH/Models/AuthModel.php on line 236.
 1 APPPATH/Models/AuthModel.php(236): CodeIgniter\Debug\Exceptions->errorHandler()
 2 APPPATH/Controllers/AuthController.php(278): App\Models\AuthModel->register()
 3 SYSTEMPATH/CodeIgniter.php(932): App\Controllers\AuthController->registerPost()
 4 SYSTEMPATH/CodeIgniter.php(497): CodeIgniter\CodeIgniter->runController()
 5 SYSTEMPATH/CodeIgniter.php(366): CodeIgniter\CodeIgniter->handleRequest()
 6 FCPATH/index.php(77): CodeIgniter\CodeIgniter->run()
CRITICAL - 2023-07-03 00:55:00 --> Undefined variable $showAlert
in APPPATH/Models/AuthModel.php on line 236.
 1 APPPATH/Models/AuthModel.php(236): CodeIgniter\Debug\Exceptions->errorHandler()
 2 APPPATH/Controllers/AuthController.php(278): App\Models\AuthModel->register()
 3 SYSTEMPATH/CodeIgniter.php(932): App\Controllers\AuthController->registerPost()
 4 SYSTEMPATH/CodeIgniter.php(497): CodeIgniter\CodeIgniter->runController()
 5 SYSTEMPATH/CodeIgniter.php(366): CodeIgniter\CodeIgniter->handleRequest()
 6 FCPATH/index.php(77): CodeIgniter\CodeIgniter->run()
CRITICAL - 2023-07-03 00:56:00 --> Undefined variable $showAlert
in APPPATH/Models/AuthModel.php on line 236.
 1 APPPATH/Models/AuthModel.php(236): CodeIgniter\Debug\Exceptions->errorHandler()
 2 APPPATH/Controllers/AuthController.php(278): App\Models\AuthModel->register()
 3 SYSTEMPATH/CodeIgniter.php(932): App\Controllers\AuthController->registerPost()
 4 SYSTEMPATH/CodeIgniter.php(497): CodeIgniter\CodeIgniter->runController()
 5 SYSTEMPATH/CodeIgniter.php(366): CodeIgniter\CodeIgniter->handleRequest()
 6 FCPATH/index.php(77): CodeIgniter\CodeIgniter->run()
CRITICAL - 2023-07-03 00:58:52 --> Undefined variable $showAlert
in APPPATH/Models/AuthModel.php on line 236.
 1 APPPATH/Models/AuthModel.php(236): CodeIgniter\Debug\Exceptions->errorHandler()
 2 APPPATH/Controllers/AuthController.php(278): App\Models\AuthModel->register()
 3 SYSTEMPATH/CodeIgniter.php(932): App\Controllers\AuthController->registerPost()
 4 SYSTEMPATH/CodeIgniter.php(497): CodeIgniter\CodeIgniter->runController()
 5 SYSTEMPATH/CodeIgniter.php(366): CodeIgniter\CodeIgniter->handleRequest()
 6 FCPATH/index.php(77): CodeIgniter\CodeIgniter->run()
INFO - 2023-07-03 01:00:07 --> CSRF token verified.
CRITICAL - 2023-07-03 01:00:07 --> Undefined variable $showAlert
in APPPATH/Models/AuthModel.php on line 236.
 1 APPPATH/Models/AuthModel.php(236): CodeIgniter\Debug\Exceptions->errorHandler()
 2 APPPATH/Controllers/AuthController.php(278): App\Models\AuthModel->register()
 3 SYSTEMPATH/CodeIgniter.php(932): App\Controllers\AuthController->registerPost()
 4 SYSTEMPATH/CodeIgniter.php(497): CodeIgniter\CodeIgniter->runController()
 5 SYSTEMPATH/CodeIgniter.php(366): CodeIgniter\CodeIgniter->handleRequest()
 6 FCPATH/index.php(77): CodeIgniter\CodeIgniter->run()
INFO - 2023-07-03 01:01:04 --> CSRF token verified.
INFO - 2023-07-03 01:01:12 --> CSRF token verified.
INFO - 2023-07-03 01:01:14 --> CSRF token verified.
INFO - 2023-07-03 01:01:16 --> CSRF token verified.
INFO - 2023-07-03 01:01:19 --> CSRF token verified.
INFO - 2023-07-03 01:01:38 --> CSRF token verified.
