INFO - 2023-08-20 06:34:54 --> Session: Class initialized using 'CodeIgniter\Session\Handlers\DatabaseHandler' driver.
INFO - 2023-08-20 06:34:56 --> Session: Class initialized using 'CodeIgniter\Session\Handlers\DatabaseHandler' driver.
INFO - 2023-08-20 12:04:56 --> CSRF token verified.
INFO - 2023-08-20 06:34:57 --> Session: Class initialized using 'CodeIgniter\Session\Handlers\DatabaseHandler' driver.
INFO - 2023-08-20 12:04:57 --> CSRF token verified.
INFO - 2023-08-20 06:34:57 --> Session: Class initialized using 'CodeIgniter\Session\Handlers\DatabaseHandler' driver.
INFO - 2023-08-20 06:34:58 --> Session: Class initialized using 'CodeIgniter\Session\Handlers\DatabaseHandler' driver.
INFO - 2023-08-20 06:47:31 --> Session: Class initialized using 'CodeIgniter\Session\Handlers\DatabaseHandler' driver.
INFO - 2023-08-20 06:47:31 --> Session: Class initialized using 'CodeIgniter\Session\Handlers\DatabaseHandler' driver.
INFO - 2023-08-20 06:49:02 --> Session: Class initialized using 'CodeIgniter\Session\Handlers\DatabaseHandler' driver.
INFO - 2023-08-20 06:49:04 --> Session: Class initialized using 'CodeIgniter\Session\Handlers\DatabaseHandler' driver.
INFO - 2023-08-20 12:19:04 --> CSRF token verified.
INFO - 2023-08-20 06:49:05 --> Session: Class initialized using 'CodeIgniter\Session\Handlers\DatabaseHandler' driver.
INFO - 2023-08-20 12:19:05 --> CSRF token verified.
INFO - 2023-08-20 06:49:05 --> Session: Class initialized using 'CodeIgniter\Session\Handlers\DatabaseHandler' driver.
INFO - 2023-08-20 06:49:05 --> Session: Class initialized using 'CodeIgniter\Session\Handlers\DatabaseHandler' driver.
INFO - 2023-08-20 06:49:18 --> Session: Class initialized using 'CodeIgniter\Session\Handlers\DatabaseHandler' driver.
INFO - 2023-08-20 06:49:18 --> Session: Class initialized using 'CodeIgniter\Session\Handlers\DatabaseHandler' driver.
INFO - 2023-08-20 06:49:53 --> Session: Class initialized using 'CodeIgniter\Session\Handlers\DatabaseHandler' driver.
INFO - 2023-08-20 12:19:53 --> CSRF token verified.
INFO - 2023-08-20 06:49:54 --> Session: Class initialized using 'CodeIgniter\Session\Handlers\DatabaseHandler' driver.
INFO - 2023-08-20 12:19:54 --> CSRF token verified.
INFO - 2023-08-20 06:49:55 --> Session: Class initialized using 'CodeIgniter\Session\Handlers\DatabaseHandler' driver.
INFO - 2023-08-20 06:49:55 --> Session: Class initialized using 'CodeIgniter\Session\Handlers\DatabaseHandler' driver.
INFO - 2023-08-20 06:52:11 --> Session: Class initialized using 'CodeIgniter\Session\Handlers\DatabaseHandler' driver.
INFO - 2023-08-20 12:22:11 --> CSRF token verified.
INFO - 2023-08-20 06:52:11 --> Session: Class initialized using 'CodeIgniter\Session\Handlers\DatabaseHandler' driver.
INFO - 2023-08-20 12:22:11 --> CSRF token verified.
INFO - 2023-08-20 06:52:12 --> Session: Class initialized using 'CodeIgniter\Session\Handlers\DatabaseHandler' driver.
INFO - 2023-08-20 06:52:12 --> Session: Class initialized using 'CodeIgniter\Session\Handlers\DatabaseHandler' driver.
INFO - 2023-08-20 06:52:40 --> Session: Class initialized using 'CodeIgniter\Session\Handlers\DatabaseHandler' driver.
INFO - 2023-08-20 12:22:40 --> CSRF token verified.
INFO - 2023-08-20 06:52:41 --> Session: Class initialized using 'CodeIgniter\Session\Handlers\DatabaseHandler' driver.
INFO - 2023-08-20 12:22:41 --> CSRF token verified.
INFO - 2023-08-20 06:52:41 --> Session: Class initialized using 'CodeIgniter\Session\Handlers\DatabaseHandler' driver.
INFO - 2023-08-20 06:52:41 --> Session: Class initialized using 'CodeIgniter\Session\Handlers\DatabaseHandler' driver.
INFO - 2023-08-20 06:53:11 --> Session: Class initialized using 'CodeIgniter\Session\Handlers\DatabaseHandler' driver.
INFO - 2023-08-20 12:23:11 --> CSRF token verified.
INFO - 2023-08-20 06:53:11 --> Session: Class initialized using 'CodeIgniter\Session\Handlers\DatabaseHandler' driver.
INFO - 2023-08-20 12:23:11 --> CSRF token verified.
INFO - 2023-08-20 06:53:11 --> Session: Class initialized using 'CodeIgniter\Session\Handlers\DatabaseHandler' driver.
INFO - 2023-08-20 06:53:11 --> Session: Class initialized using 'CodeIgniter\Session\Handlers\DatabaseHandler' driver.
INFO - 2023-08-20 06:56:25 --> Session: Class initialized using 'CodeIgniter\Session\Handlers\DatabaseHandler' driver.
INFO - 2023-08-20 12:26:25 --> CSRF token verified.
INFO - 2023-08-20 06:56:26 --> Session: Class initialized using 'CodeIgniter\Session\Handlers\DatabaseHandler' driver.
INFO - 2023-08-20 06:56:26 --> Session: Class initialized using 'CodeIgniter\Session\Handlers\DatabaseHandler' driver.
INFO - 2023-08-20 06:57:19 --> Session: Class initialized using 'CodeIgniter\Session\Handlers\DatabaseHandler' driver.
INFO - 2023-08-20 12:27:19 --> CSRF token verified.
INFO - 2023-08-20 06:57:20 --> Session: Class initialized using 'CodeIgniter\Session\Handlers\DatabaseHandler' driver.
INFO - 2023-08-20 12:27:20 --> CSRF token verified.
INFO - 2023-08-20 06:57:27 --> Session: Class initialized using 'CodeIgniter\Session\Handlers\DatabaseHandler' driver.
INFO - 2023-08-20 12:27:27 --> CSRF token verified.
INFO - 2023-08-20 06:57:30 --> Session: Class initialized using 'CodeIgniter\Session\Handlers\DatabaseHandler' driver.
INFO - 2023-08-20 12:27:30 --> CSRF token verified.
INFO - 2023-08-20 06:57:31 --> Session: Class initialized using 'CodeIgniter\Session\Handlers\DatabaseHandler' driver.
INFO - 2023-08-20 12:27:31 --> CSRF token verified.
INFO - 2023-08-20 06:58:06 --> Session: Class initialized using 'CodeIgniter\Session\Handlers\DatabaseHandler' driver.
INFO - 2023-08-20 12:28:06 --> CSRF token verified.
INFO - 2023-08-20 06:58:07 --> Session: Class initialized using 'CodeIgniter\Session\Handlers\DatabaseHandler' driver.
INFO - 2023-08-20 12:28:07 --> CSRF token verified.
INFO - 2023-08-20 06:58:26 --> Session: Class initialized using 'CodeIgniter\Session\Handlers\DatabaseHandler' driver.
INFO - 2023-08-20 12:28:26 --> CSRF token verified.
INFO - 2023-08-20 06:58:26 --> Session: Class initialized using 'CodeIgniter\Session\Handlers\DatabaseHandler' driver.
INFO - 2023-08-20 12:28:26 --> CSRF token verified.
INFO - 2023-08-20 06:58:28 --> Session: Class initialized using 'CodeIgniter\Session\Handlers\DatabaseHandler' driver.
INFO - 2023-08-20 12:28:28 --> CSRF token verified.
INFO - 2023-08-20 06:58:30 --> Session: Class initialized using 'CodeIgniter\Session\Handlers\DatabaseHandler' driver.
INFO - 2023-08-20 06:58:32 --> Session: Class initialized using 'CodeIgniter\Session\Handlers\DatabaseHandler' driver.
INFO - 2023-08-20 12:28:32 --> CSRF token verified.
INFO - 2023-08-20 06:58:34 --> Session: Class initialized using 'CodeIgniter\Session\Handlers\DatabaseHandler' driver.
INFO - 2023-08-20 12:28:34 --> CSRF token verified.
INFO - 2023-08-20 06:58:35 --> Session: Class initialized using 'CodeIgniter\Session\Handlers\DatabaseHandler' driver.
INFO - 2023-08-20 12:28:35 --> CSRF token verified.
INFO - 2023-08-20 06:58:38 --> Session: Class initialized using 'CodeIgniter\Session\Handlers\DatabaseHandler' driver.
INFO - 2023-08-20 12:28:38 --> CSRF token verified.
INFO - 2023-08-20 06:58:40 --> Session: Class initialized using 'CodeIgniter\Session\Handlers\DatabaseHandler' driver.
INFO - 2023-08-20 12:28:40 --> CSRF token verified.
INFO - 2023-08-20 06:58:43 --> Session: Class initialized using 'CodeIgniter\Session\Handlers\DatabaseHandler' driver.
INFO - 2023-08-20 12:28:43 --> CSRF token verified.
INFO - 2023-08-20 06:58:53 --> Session: Class initialized using 'CodeIgniter\Session\Handlers\DatabaseHandler' driver.
INFO - 2023-08-20 06:58:55 --> Session: Class initialized using 'CodeIgniter\Session\Handlers\DatabaseHandler' driver.
INFO - 2023-08-20 12:28:55 --> CSRF token verified.
INFO - 2023-08-20 06:58:56 --> Session: Class initialized using 'CodeIgniter\Session\Handlers\DatabaseHandler' driver.
INFO - 2023-08-20 12:28:56 --> CSRF token verified.
INFO - 2023-08-20 06:58:59 --> Session: Class initialized using 'CodeIgniter\Session\Handlers\DatabaseHandler' driver.
INFO - 2023-08-20 12:28:59 --> CSRF token verified.
INFO - 2023-08-20 06:59:17 --> Session: Class initialized using 'CodeIgniter\Session\Handlers\DatabaseHandler' driver.
INFO - 2023-08-20 06:59:19 --> Session: Class initialized using 'CodeIgniter\Session\Handlers\DatabaseHandler' driver.
INFO - 2023-08-20 12:29:19 --> CSRF token verified.
INFO - 2023-08-20 06:59:20 --> Session: Class initialized using 'CodeIgniter\Session\Handlers\DatabaseHandler' driver.
INFO - 2023-08-20 12:29:20 --> CSRF token verified.
INFO - 2023-08-20 06:59:21 --> Session: Class initialized using 'CodeIgniter\Session\Handlers\DatabaseHandler' driver.
INFO - 2023-08-20 12:29:21 --> CSRF token verified.
INFO - 2023-08-20 06:59:25 --> Session: Class initialized using 'CodeIgniter\Session\Handlers\DatabaseHandler' driver.
INFO - 2023-08-20 12:29:25 --> CSRF token verified.
INFO - 2023-08-20 07:08:33 --> Session: Class initialized using 'CodeIgniter\Session\Handlers\DatabaseHandler' driver.
INFO - 2023-08-20 12:38:33 --> CSRF token verified.
INFO - 2023-08-20 07:08:35 --> Session: Class initialized using 'CodeIgniter\Session\Handlers\DatabaseHandler' driver.
INFO - 2023-08-20 12:38:35 --> CSRF token verified.
INFO - 2023-08-20 07:08:36 --> Session: Class initialized using 'CodeIgniter\Session\Handlers\DatabaseHandler' driver.
INFO - 2023-08-20 12:38:36 --> CSRF token verified.
INFO - 2023-08-20 07:08:37 --> Session: Class initialized using 'CodeIgniter\Session\Handlers\DatabaseHandler' driver.
INFO - 2023-08-20 12:38:37 --> CSRF token verified.
INFO - 2023-08-20 07:08:39 --> Session: Class initialized using 'CodeIgniter\Session\Handlers\DatabaseHandler' driver.
INFO - 2023-08-20 12:38:39 --> CSRF token verified.
INFO - 2023-08-20 07:08:40 --> Session: Class initialized using 'CodeIgniter\Session\Handlers\DatabaseHandler' driver.
INFO - 2023-08-20 12:38:40 --> CSRF token verified.
INFO - 2023-08-20 07:08:44 --> Session: Class initialized using 'CodeIgniter\Session\Handlers\DatabaseHandler' driver.
INFO - 2023-08-20 12:38:44 --> CSRF token verified.
INFO - 2023-08-20 07:08:45 --> Session: Class initialized using 'CodeIgniter\Session\Handlers\DatabaseHandler' driver.
INFO - 2023-08-20 12:38:45 --> CSRF token verified.
INFO - 2023-08-20 07:35:38 --> Session: Class initialized using 'CodeIgniter\Session\Handlers\DatabaseHandler' driver.
INFO - 2023-08-20 13:05:38 --> CSRF token verified.
INFO - 2023-08-20 07:35:39 --> Session: Class initialized using 'CodeIgniter\Session\Handlers\DatabaseHandler' driver.
INFO - 2023-08-20 13:05:39 --> CSRF token verified.
INFO - 2023-08-20 07:37:12 --> Session: Class initialized using 'CodeIgniter\Session\Handlers\DatabaseHandler' driver.
INFO - 2023-08-20 13:07:12 --> CSRF token verified.
INFO - 2023-08-20 07:37:15 --> Session: Class initialized using 'CodeIgniter\Session\Handlers\DatabaseHandler' driver.
INFO - 2023-08-20 13:07:15 --> CSRF token verified.
INFO - 2023-08-20 07:38:40 --> Session: Class initialized using 'CodeIgniter\Session\Handlers\DatabaseHandler' driver.
INFO - 2023-08-20 13:08:40 --> CSRF token verified.
INFO - 2023-08-20 16:51:24 --> Session: Class initialized using 'CodeIgniter\Session\Handlers\DatabaseHandler' driver.
CRITICAL - 2023-08-20 22:21:24 --> The action you requested is not allowed.
in SYSTEMPATH\Security\Security.php on line 306.
 1 SYSTEMPATH\Security\Security.php(306): CodeIgniter\Security\Exceptions\SecurityException::forDisallowedAction()
 2 SYSTEMPATH\Filters\CSRF.php(55): CodeIgniter\Security\Security->verify(Object(CodeIgniter\HTTP\IncomingRequest))
 3 SYSTEMPATH\Filters\Filters.php(173): CodeIgniter\Filters\CSRF->before(Object(CodeIgniter\HTTP\IncomingRequest), null)
 4 SYSTEMPATH\CodeIgniter.php(471): CodeIgniter\Filters\Filters->run('admin/epaper-single-design', 'before')
 5 SYSTEMPATH\CodeIgniter.php(366): CodeIgniter\CodeIgniter->handleRequest(null, Object(Config\Cache), false)
 6 FCPATH\index.php(77): CodeIgniter\CodeIgniter->run()
INFO - 2023-08-20 16:56:01 --> Session: Class initialized using 'CodeIgniter\Session\Handlers\DatabaseHandler' driver.
CRITICAL - 2023-08-20 22:26:01 --> The action you requested is not allowed.
in SYSTEMPATH\Security\Security.php on line 306.
 1 SYSTEMPATH\Security\Security.php(306): CodeIgniter\Security\Exceptions\SecurityException::forDisallowedAction()
 2 SYSTEMPATH\Filters\CSRF.php(55): CodeIgniter\Security\Security->verify(Object(CodeIgniter\HTTP\IncomingRequest))
 3 SYSTEMPATH\Filters\Filters.php(173): CodeIgniter\Filters\CSRF->before(Object(CodeIgniter\HTTP\IncomingRequest), null)
 4 SYSTEMPATH\CodeIgniter.php(471): CodeIgniter\Filters\Filters->run('admin/epaper-sub-cat', 'before')
 5 SYSTEMPATH\CodeIgniter.php(366): CodeIgniter\CodeIgniter->handleRequest(null, Object(Config\Cache), false)
 6 FCPATH\index.php(77): CodeIgniter\CodeIgniter->run()
INFO - 2023-08-20 16:56:02 --> Session: Class initialized using 'CodeIgniter\Session\Handlers\DatabaseHandler' driver.
CRITICAL - 2023-08-20 22:26:02 --> The action you requested is not allowed.
in SYSTEMPATH\Security\Security.php on line 306.
 1 SYSTEMPATH\Security\Security.php(306): CodeIgniter\Security\Exceptions\SecurityException::forDisallowedAction()
 2 SYSTEMPATH\Filters\CSRF.php(55): CodeIgniter\Security\Security->verify(Object(CodeIgniter\HTTP\IncomingRequest))
 3 SYSTEMPATH\Filters\Filters.php(173): CodeIgniter\Filters\CSRF->before(Object(CodeIgniter\HTTP\IncomingRequest), null)
 4 SYSTEMPATH\CodeIgniter.php(471): CodeIgniter\Filters\Filters->run('admin/epaper-sub-cat', 'before')
 5 SYSTEMPATH\CodeIgniter.php(366): CodeIgniter\CodeIgniter->handleRequest(null, Object(Config\Cache), false)
 6 FCPATH\index.php(77): CodeIgniter\CodeIgniter->run()
INFO - 2023-08-20 16:56:03 --> Session: Class initialized using 'CodeIgniter\Session\Handlers\DatabaseHandler' driver.
CRITICAL - 2023-08-20 22:26:03 --> The action you requested is not allowed.
in SYSTEMPATH\Security\Security.php on line 306.
 1 SYSTEMPATH\Security\Security.php(306): CodeIgniter\Security\Exceptions\SecurityException::forDisallowedAction()
 2 SYSTEMPATH\Filters\CSRF.php(55): CodeIgniter\Security\Security->verify(Object(CodeIgniter\HTTP\IncomingRequest))
 3 SYSTEMPATH\Filters\Filters.php(173): CodeIgniter\Filters\CSRF->before(Object(CodeIgniter\HTTP\IncomingRequest), null)
 4 SYSTEMPATH\CodeIgniter.php(471): CodeIgniter\Filters\Filters->run('admin/epaper-design', 'before')
 5 SYSTEMPATH\CodeIgniter.php(366): CodeIgniter\CodeIgniter->handleRequest(null, Object(Config\Cache), false)
 6 FCPATH\index.php(77): CodeIgniter\CodeIgniter->run()
INFO - 2023-08-20 16:56:05 --> Session: Class initialized using 'CodeIgniter\Session\Handlers\DatabaseHandler' driver.
INFO - 2023-08-20 16:56:06 --> Session: Class initialized using 'CodeIgniter\Session\Handlers\DatabaseHandler' driver.
INFO - 2023-08-20 22:26:06 --> CSRF token verified.
INFO - 2023-08-20 16:56:07 --> Session: Class initialized using 'CodeIgniter\Session\Handlers\DatabaseHandler' driver.
INFO - 2023-08-20 22:26:08 --> CSRF token verified.
INFO - 2023-08-20 16:57:07 --> Session: Class initialized using 'CodeIgniter\Session\Handlers\DatabaseHandler' driver.
INFO - 2023-08-20 22:27:07 --> CSRF token verified.
INFO - 2023-08-20 16:57:08 --> Session: Class initialized using 'CodeIgniter\Session\Handlers\DatabaseHandler' driver.
INFO - 2023-08-20 22:27:08 --> CSRF token verified.
INFO - 2023-08-20 16:57:09 --> Session: Class initialized using 'CodeIgniter\Session\Handlers\DatabaseHandler' driver.
INFO - 2023-08-20 22:27:09 --> CSRF token verified.
INFO - 2023-08-20 16:57:10 --> Session: Class initialized using 'CodeIgniter\Session\Handlers\DatabaseHandler' driver.
INFO - 2023-08-20 22:27:10 --> CSRF token verified.
INFO - 2023-08-20 16:57:19 --> Session: Class initialized using 'CodeIgniter\Session\Handlers\DatabaseHandler' driver.
INFO - 2023-08-20 22:27:19 --> CSRF token verified.
INFO - 2023-08-20 16:57:20 --> Session: Class initialized using 'CodeIgniter\Session\Handlers\DatabaseHandler' driver.
INFO - 2023-08-20 22:27:20 --> CSRF token verified.
INFO - 2023-08-20 16:57:22 --> Session: Class initialized using 'CodeIgniter\Session\Handlers\DatabaseHandler' driver.
INFO - 2023-08-20 22:27:22 --> CSRF token verified.
INFO - 2023-08-20 16:57:40 --> Session: Class initialized using 'CodeIgniter\Session\Handlers\DatabaseHandler' driver.
INFO - 2023-08-20 22:27:40 --> CSRF token verified.
INFO - 2023-08-20 16:57:41 --> Session: Class initialized using 'CodeIgniter\Session\Handlers\DatabaseHandler' driver.
INFO - 2023-08-20 22:27:41 --> CSRF token verified.
INFO - 2023-08-20 17:00:14 --> Session: Class initialized using 'CodeIgniter\Session\Handlers\DatabaseHandler' driver.
INFO - 2023-08-20 22:30:14 --> CSRF token verified.
INFO - 2023-08-20 17:00:15 --> Session: Class initialized using 'CodeIgniter\Session\Handlers\DatabaseHandler' driver.
INFO - 2023-08-20 22:30:15 --> CSRF token verified.
INFO - 2023-08-20 17:00:24 --> Session: Class initialized using 'CodeIgniter\Session\Handlers\DatabaseHandler' driver.
INFO - 2023-08-20 22:30:24 --> CSRF token verified.
INFO - 2023-08-20 17:00:25 --> Session: Class initialized using 'CodeIgniter\Session\Handlers\DatabaseHandler' driver.
INFO - 2023-08-20 22:30:25 --> CSRF token verified.
INFO - 2023-08-20 17:00:27 --> Session: Class initialized using 'CodeIgniter\Session\Handlers\DatabaseHandler' driver.
INFO - 2023-08-20 22:30:27 --> CSRF token verified.
INFO - 2023-08-20 17:00:28 --> Session: Class initialized using 'CodeIgniter\Session\Handlers\DatabaseHandler' driver.
INFO - 2023-08-20 22:30:28 --> CSRF token verified.
INFO - 2023-08-20 17:00:28 --> Session: Class initialized using 'CodeIgniter\Session\Handlers\DatabaseHandler' driver.
INFO - 2023-08-20 22:30:28 --> CSRF token verified.
INFO - 2023-08-20 17:00:29 --> Session: Class initialized using 'CodeIgniter\Session\Handlers\DatabaseHandler' driver.
INFO - 2023-08-20 22:30:29 --> CSRF token verified.
INFO - 2023-08-20 17:00:30 --> Session: Class initialized using 'CodeIgniter\Session\Handlers\DatabaseHandler' driver.
INFO - 2023-08-20 22:30:31 --> CSRF token verified.
INFO - 2023-08-20 17:00:42 --> Session: Class initialized using 'CodeIgniter\Session\Handlers\DatabaseHandler' driver.
INFO - 2023-08-20 22:30:42 --> CSRF token verified.
INFO - 2023-08-20 17:00:43 --> Session: Class initialized using 'CodeIgniter\Session\Handlers\DatabaseHandler' driver.
INFO - 2023-08-20 22:30:43 --> CSRF token verified.
INFO - 2023-08-20 17:00:46 --> Session: Class initialized using 'CodeIgniter\Session\Handlers\DatabaseHandler' driver.
INFO - 2023-08-20 22:30:46 --> CSRF token verified.
INFO - 2023-08-20 17:01:01 --> Session: Class initialized using 'CodeIgniter\Session\Handlers\DatabaseHandler' driver.
INFO - 2023-08-20 22:31:01 --> CSRF token verified.
INFO - 2023-08-20 17:01:06 --> Session: Class initialized using 'CodeIgniter\Session\Handlers\DatabaseHandler' driver.
INFO - 2023-08-20 22:31:06 --> CSRF token verified.
INFO - 2023-08-20 17:01:07 --> Session: Class initialized using 'CodeIgniter\Session\Handlers\DatabaseHandler' driver.
INFO - 2023-08-20 22:31:07 --> CSRF token verified.
INFO - 2023-08-20 17:01:08 --> Session: Class initialized using 'CodeIgniter\Session\Handlers\DatabaseHandler' driver.
INFO - 2023-08-20 22:31:08 --> CSRF token verified.
INFO - 2023-08-20 17:01:09 --> Session: Class initialized using 'CodeIgniter\Session\Handlers\DatabaseHandler' driver.
INFO - 2023-08-20 22:31:09 --> CSRF token verified.
INFO - 2023-08-20 17:01:13 --> Session: Class initialized using 'CodeIgniter\Session\Handlers\DatabaseHandler' driver.
INFO - 2023-08-20 22:31:13 --> CSRF token verified.
INFO - 2023-08-20 17:01:14 --> Session: Class initialized using 'CodeIgniter\Session\Handlers\DatabaseHandler' driver.
INFO - 2023-08-20 22:31:14 --> CSRF token verified.
INFO - 2023-08-20 17:01:15 --> Session: Class initialized using 'CodeIgniter\Session\Handlers\DatabaseHandler' driver.
INFO - 2023-08-20 22:31:15 --> CSRF token verified.
INFO - 2023-08-20 17:01:16 --> Session: Class initialized using 'CodeIgniter\Session\Handlers\DatabaseHandler' driver.
INFO - 2023-08-20 22:31:16 --> CSRF token verified.
INFO - 2023-08-20 17:01:17 --> Session: Class initialized using 'CodeIgniter\Session\Handlers\DatabaseHandler' driver.
INFO - 2023-08-20 22:31:17 --> CSRF token verified.
INFO - 2023-08-20 17:01:18 --> Session: Class initialized using 'CodeIgniter\Session\Handlers\DatabaseHandler' driver.
INFO - 2023-08-20 22:31:18 --> CSRF token verified.
INFO - 2023-08-20 17:01:25 --> Session: Class initialized using 'CodeIgniter\Session\Handlers\DatabaseHandler' driver.
INFO - 2023-08-20 22:31:25 --> CSRF token verified.
INFO - 2023-08-20 17:01:27 --> Session: Class initialized using 'CodeIgniter\Session\Handlers\DatabaseHandler' driver.
INFO - 2023-08-20 22:31:27 --> CSRF token verified.
INFO - 2023-08-20 17:01:58 --> Session: Class initialized using 'CodeIgniter\Session\Handlers\DatabaseHandler' driver.
INFO - 2023-08-20 22:31:58 --> CSRF token verified.
INFO - 2023-08-20 17:02:01 --> Session: Class initialized using 'CodeIgniter\Session\Handlers\DatabaseHandler' driver.
INFO - 2023-08-20 22:32:01 --> CSRF token verified.
INFO - 2023-08-20 17:02:02 --> Session: Class initialized using 'CodeIgniter\Session\Handlers\DatabaseHandler' driver.
INFO - 2023-08-20 22:32:02 --> CSRF token verified.
INFO - 2023-08-20 17:02:03 --> Session: Class initialized using 'CodeIgniter\Session\Handlers\DatabaseHandler' driver.
INFO - 2023-08-20 22:32:03 --> CSRF token verified.
INFO - 2023-08-20 17:02:04 --> Session: Class initialized using 'CodeIgniter\Session\Handlers\DatabaseHandler' driver.
INFO - 2023-08-20 22:32:04 --> CSRF token verified.
INFO - 2023-08-20 17:02:05 --> Session: Class initialized using 'CodeIgniter\Session\Handlers\DatabaseHandler' driver.
INFO - 2023-08-20 22:32:05 --> CSRF token verified.
INFO - 2023-08-20 17:02:05 --> Session: Class initialized using 'CodeIgniter\Session\Handlers\DatabaseHandler' driver.
INFO - 2023-08-20 22:32:05 --> CSRF token verified.
INFO - 2023-08-20 17:02:06 --> Session: Class initialized using 'CodeIgniter\Session\Handlers\DatabaseHandler' driver.
INFO - 2023-08-20 22:32:06 --> CSRF token verified.
INFO - 2023-08-20 17:02:06 --> Session: Class initialized using 'CodeIgniter\Session\Handlers\DatabaseHandler' driver.
INFO - 2023-08-20 22:32:06 --> CSRF token verified.
INFO - 2023-08-20 17:02:09 --> Session: Class initialized using 'CodeIgniter\Session\Handlers\DatabaseHandler' driver.
INFO - 2023-08-20 22:32:09 --> CSRF token verified.
INFO - 2023-08-20 17:02:10 --> Session: Class initialized using 'CodeIgniter\Session\Handlers\DatabaseHandler' driver.
INFO - 2023-08-20 22:32:10 --> CSRF token verified.
INFO - 2023-08-20 17:02:10 --> Session: Class initialized using 'CodeIgniter\Session\Handlers\DatabaseHandler' driver.
INFO - 2023-08-20 22:32:10 --> CSRF token verified.
INFO - 2023-08-20 17:02:11 --> Session: Class initialized using 'CodeIgniter\Session\Handlers\DatabaseHandler' driver.
INFO - 2023-08-20 22:32:11 --> CSRF token verified.
INFO - 2023-08-20 17:02:13 --> Session: Class initialized using 'CodeIgniter\Session\Handlers\DatabaseHandler' driver.
INFO - 2023-08-20 22:32:13 --> CSRF token verified.
INFO - 2023-08-20 17:02:14 --> Session: Class initialized using 'CodeIgniter\Session\Handlers\DatabaseHandler' driver.
INFO - 2023-08-20 22:32:14 --> CSRF token verified.
INFO - 2023-08-20 17:02:21 --> Session: Class initialized using 'CodeIgniter\Session\Handlers\DatabaseHandler' driver.
INFO - 2023-08-20 22:32:21 --> CSRF token verified.
INFO - 2023-08-20 17:02:23 --> Session: Class initialized using 'CodeIgniter\Session\Handlers\DatabaseHandler' driver.
INFO - 2023-08-20 22:32:23 --> CSRF token verified.
INFO - 2023-08-20 17:02:25 --> Session: Class initialized using 'CodeIgniter\Session\Handlers\DatabaseHandler' driver.
INFO - 2023-08-20 22:32:25 --> CSRF token verified.
INFO - 2023-08-20 17:02:30 --> Session: Class initialized using 'CodeIgniter\Session\Handlers\DatabaseHandler' driver.
INFO - 2023-08-20 22:32:30 --> CSRF token verified.
INFO - 2023-08-20 17:02:31 --> Session: Class initialized using 'CodeIgniter\Session\Handlers\DatabaseHandler' driver.
INFO - 2023-08-20 22:32:31 --> CSRF token verified.
INFO - 2023-08-20 17:02:32 --> Session: Class initialized using 'CodeIgniter\Session\Handlers\DatabaseHandler' driver.
INFO - 2023-08-20 22:32:32 --> CSRF token verified.
INFO - 2023-08-20 17:07:20 --> Session: Class initialized using 'CodeIgniter\Session\Handlers\DatabaseHandler' driver.
INFO - 2023-08-20 17:07:57 --> Session: Class initialized using 'CodeIgniter\Session\Handlers\DatabaseHandler' driver.
INFO - 2023-08-20 17:07:58 --> Session: Class initialized using 'CodeIgniter\Session\Handlers\DatabaseHandler' driver.
INFO - 2023-08-20 22:37:58 --> CSRF token verified.
INFO - 2023-08-20 17:07:59 --> Session: Class initialized using 'CodeIgniter\Session\Handlers\DatabaseHandler' driver.
INFO - 2023-08-20 22:37:59 --> CSRF token verified.
INFO - 2023-08-20 17:08:00 --> Session: Class initialized using 'CodeIgniter\Session\Handlers\DatabaseHandler' driver.
INFO - 2023-08-20 22:38:00 --> CSRF token verified.
INFO - 2023-08-20 17:08:02 --> Session: Class initialized using 'CodeIgniter\Session\Handlers\DatabaseHandler' driver.
INFO - 2023-08-20 22:38:02 --> CSRF token verified.
INFO - 2023-08-20 17:08:03 --> Session: Class initialized using 'CodeIgniter\Session\Handlers\DatabaseHandler' driver.
INFO - 2023-08-20 22:38:03 --> CSRF token verified.
INFO - 2023-08-20 17:08:04 --> Session: Class initialized using 'CodeIgniter\Session\Handlers\DatabaseHandler' driver.
INFO - 2023-08-20 22:38:04 --> CSRF token verified.
INFO - 2023-08-20 17:08:06 --> Session: Class initialized using 'CodeIgniter\Session\Handlers\DatabaseHandler' driver.
INFO - 2023-08-20 22:38:06 --> CSRF token verified.
INFO - 2023-08-20 17:08:06 --> Session: Class initialized using 'CodeIgniter\Session\Handlers\DatabaseHandler' driver.
INFO - 2023-08-20 22:38:06 --> CSRF token verified.
INFO - 2023-08-20 17:08:21 --> Session: Class initialized using 'CodeIgniter\Session\Handlers\DatabaseHandler' driver.
INFO - 2023-08-20 17:08:23 --> Session: Class initialized using 'CodeIgniter\Session\Handlers\DatabaseHandler' driver.
INFO - 2023-08-20 22:38:23 --> CSRF token verified.
INFO - 2023-08-20 17:08:24 --> Session: Class initialized using 'CodeIgniter\Session\Handlers\DatabaseHandler' driver.
INFO - 2023-08-20 22:38:24 --> CSRF token verified.
INFO - 2023-08-20 17:08:26 --> Session: Class initialized using 'CodeIgniter\Session\Handlers\DatabaseHandler' driver.
INFO - 2023-08-20 22:38:26 --> CSRF token verified.
INFO - 2023-08-20 17:08:29 --> Session: Class initialized using 'CodeIgniter\Session\Handlers\DatabaseHandler' driver.
INFO - 2023-08-20 22:38:29 --> CSRF token verified.
INFO - 2023-08-20 17:08:29 --> Session: Class initialized using 'CodeIgniter\Session\Handlers\DatabaseHandler' driver.
INFO - 2023-08-20 22:38:29 --> CSRF token verified.
INFO - 2023-08-20 17:09:14 --> Session: Class initialized using 'CodeIgniter\Session\Handlers\DatabaseHandler' driver.
INFO - 2023-08-20 22:39:14 --> CSRF token verified.
INFO - 2023-08-20 17:09:17 --> Session: Class initialized using 'CodeIgniter\Session\Handlers\DatabaseHandler' driver.
INFO - 2023-08-20 17:09:20 --> Session: Class initialized using 'CodeIgniter\Session\Handlers\DatabaseHandler' driver.
INFO - 2023-08-20 22:39:20 --> CSRF token verified.
INFO - 2023-08-20 17:09:21 --> Session: Class initialized using 'CodeIgniter\Session\Handlers\DatabaseHandler' driver.
INFO - 2023-08-20 22:39:21 --> CSRF token verified.
INFO - 2023-08-20 17:09:36 --> Session: Class initialized using 'CodeIgniter\Session\Handlers\DatabaseHandler' driver.
INFO - 2023-08-20 22:39:36 --> CSRF token verified.
INFO - 2023-08-20 17:09:37 --> Session: Class initialized using 'CodeIgniter\Session\Handlers\DatabaseHandler' driver.
INFO - 2023-08-20 22:39:37 --> CSRF token verified.
INFO - 2023-08-20 17:09:41 --> Session: Class initialized using 'CodeIgniter\Session\Handlers\DatabaseHandler' driver.
INFO - 2023-08-20 17:09:42 --> Session: Class initialized using 'CodeIgniter\Session\Handlers\DatabaseHandler' driver.
INFO - 2023-08-20 22:39:42 --> CSRF token verified.
INFO - 2023-08-20 17:09:44 --> Session: Class initialized using 'CodeIgniter\Session\Handlers\DatabaseHandler' driver.
INFO - 2023-08-20 22:39:44 --> CSRF token verified.
INFO - 2023-08-20 17:10:06 --> Session: Class initialized using 'CodeIgniter\Session\Handlers\DatabaseHandler' driver.
INFO - 2023-08-20 22:40:06 --> CSRF token verified.
INFO - 2023-08-20 17:10:06 --> Session: Class initialized using 'CodeIgniter\Session\Handlers\DatabaseHandler' driver.
INFO - 2023-08-20 22:40:06 --> CSRF token verified.
INFO - 2023-08-20 17:10:08 --> Session: Class initialized using 'CodeIgniter\Session\Handlers\DatabaseHandler' driver.
INFO - 2023-08-20 22:40:08 --> CSRF token verified.
INFO - 2023-08-20 17:15:52 --> Session: Class initialized using 'CodeIgniter\Session\Handlers\DatabaseHandler' driver.
INFO - 2023-08-20 17:15:54 --> Session: Class initialized using 'CodeIgniter\Session\Handlers\DatabaseHandler' driver.
INFO - 2023-08-20 22:45:54 --> CSRF token verified.
INFO - 2023-08-20 17:15:56 --> Session: Class initialized using 'CodeIgniter\Session\Handlers\DatabaseHandler' driver.
INFO - 2023-08-20 22:45:56 --> CSRF token verified.
INFO - 2023-08-20 17:16:00 --> Session: Class initialized using 'CodeIgniter\Session\Handlers\DatabaseHandler' driver.
INFO - 2023-08-20 22:46:00 --> CSRF token verified.
INFO - 2023-08-20 17:21:17 --> Session: Class initialized using 'CodeIgniter\Session\Handlers\DatabaseHandler' driver.
INFO - 2023-08-20 17:21:22 --> Session: Class initialized using 'CodeIgniter\Session\Handlers\DatabaseHandler' driver.
INFO - 2023-08-20 22:51:22 --> CSRF token verified.
INFO - 2023-08-20 17:21:23 --> Session: Class initialized using 'CodeIgniter\Session\Handlers\DatabaseHandler' driver.
INFO - 2023-08-20 22:51:23 --> CSRF token verified.
INFO - 2023-08-20 17:21:25 --> Session: Class initialized using 'CodeIgniter\Session\Handlers\DatabaseHandler' driver.
INFO - 2023-08-20 17:21:26 --> Session: Class initialized using 'CodeIgniter\Session\Handlers\DatabaseHandler' driver.
INFO - 2023-08-20 22:51:26 --> CSRF token verified.
INFO - 2023-08-20 17:21:28 --> Session: Class initialized using 'CodeIgniter\Session\Handlers\DatabaseHandler' driver.
INFO - 2023-08-20 22:51:28 --> CSRF token verified.
INFO - 2023-08-20 17:21:29 --> Session: Class initialized using 'CodeIgniter\Session\Handlers\DatabaseHandler' driver.
INFO - 2023-08-20 22:51:29 --> CSRF token verified.
INFO - 2023-08-20 17:22:02 --> Session: Class initialized using 'CodeIgniter\Session\Handlers\DatabaseHandler' driver.
INFO - 2023-08-20 17:22:04 --> Session: Class initialized using 'CodeIgniter\Session\Handlers\DatabaseHandler' driver.
INFO - 2023-08-20 22:52:04 --> CSRF token verified.
INFO - 2023-08-20 17:22:06 --> Session: Class initialized using 'CodeIgniter\Session\Handlers\DatabaseHandler' driver.
INFO - 2023-08-20 22:52:06 --> CSRF token verified.
INFO - 2023-08-20 17:22:06 --> Session: Class initialized using 'CodeIgniter\Session\Handlers\DatabaseHandler' driver.
INFO - 2023-08-20 22:52:06 --> CSRF token verified.
INFO - 2023-08-20 17:23:11 --> Session: Class initialized using 'CodeIgniter\Session\Handlers\DatabaseHandler' driver.
INFO - 2023-08-20 17:23:15 --> Session: Class initialized using 'CodeIgniter\Session\Handlers\DatabaseHandler' driver.
INFO - 2023-08-20 22:53:15 --> CSRF token verified.
INFO - 2023-08-20 17:23:16 --> Session: Class initialized using 'CodeIgniter\Session\Handlers\DatabaseHandler' driver.
INFO - 2023-08-20 22:53:16 --> CSRF token verified.
INFO - 2023-08-20 17:23:17 --> Session: Class initialized using 'CodeIgniter\Session\Handlers\DatabaseHandler' driver.
INFO - 2023-08-20 22:53:17 --> CSRF token verified.
INFO - 2023-08-20 17:25:12 --> Session: Class initialized using 'CodeIgniter\Session\Handlers\DatabaseHandler' driver.
INFO - 2023-08-20 17:25:15 --> Session: Class initialized using 'CodeIgniter\Session\Handlers\DatabaseHandler' driver.
INFO - 2023-08-20 22:55:15 --> CSRF token verified.
INFO - 2023-08-20 17:25:17 --> Session: Class initialized using 'CodeIgniter\Session\Handlers\DatabaseHandler' driver.
INFO - 2023-08-20 22:55:17 --> CSRF token verified.
INFO - 2023-08-20 17:29:13 --> Session: Class initialized using 'CodeIgniter\Session\Handlers\DatabaseHandler' driver.
INFO - 2023-08-20 17:29:17 --> Session: Class initialized using 'CodeIgniter\Session\Handlers\DatabaseHandler' driver.
INFO - 2023-08-20 22:59:17 --> CSRF token verified.
INFO - 2023-08-20 17:29:18 --> Session: Class initialized using 'CodeIgniter\Session\Handlers\DatabaseHandler' driver.
INFO - 2023-08-20 22:59:18 --> CSRF token verified.
INFO - 2023-08-20 17:30:32 --> Session: Class initialized using 'CodeIgniter\Session\Handlers\DatabaseHandler' driver.
INFO - 2023-08-20 17:30:34 --> Session: Class initialized using 'CodeIgniter\Session\Handlers\DatabaseHandler' driver.
INFO - 2023-08-20 23:00:34 --> CSRF token verified.
INFO - 2023-08-20 17:30:37 --> Session: Class initialized using 'CodeIgniter\Session\Handlers\DatabaseHandler' driver.
INFO - 2023-08-20 23:00:38 --> CSRF token verified.
INFO - 2023-08-20 17:30:38 --> Session: Class initialized using 'CodeIgniter\Session\Handlers\DatabaseHandler' driver.
INFO - 2023-08-20 23:00:38 --> CSRF token verified.
INFO - 2023-08-20 17:30:38 --> Session: Class initialized using 'CodeIgniter\Session\Handlers\DatabaseHandler' driver.
INFO - 2023-08-20 23:00:38 --> CSRF token verified.
INFO - 2023-08-20 17:31:03 --> Session: Class initialized using 'CodeIgniter\Session\Handlers\DatabaseHandler' driver.
INFO - 2023-08-20 17:31:05 --> Session: Class initialized using 'CodeIgniter\Session\Handlers\DatabaseHandler' driver.
INFO - 2023-08-20 23:01:05 --> CSRF token verified.
INFO - 2023-08-20 17:31:06 --> Session: Class initialized using 'CodeIgniter\Session\Handlers\DatabaseHandler' driver.
INFO - 2023-08-20 23:01:06 --> CSRF token verified.
INFO - 2023-08-20 17:31:06 --> Session: Class initialized using 'CodeIgniter\Session\Handlers\DatabaseHandler' driver.
INFO - 2023-08-20 23:01:06 --> CSRF token verified.
INFO - 2023-08-20 17:31:06 --> Session: Class initialized using 'CodeIgniter\Session\Handlers\DatabaseHandler' driver.
INFO - 2023-08-20 23:01:07 --> CSRF token verified.
INFO - 2023-08-20 17:31:50 --> Session: Class initialized using 'CodeIgniter\Session\Handlers\DatabaseHandler' driver.
INFO - 2023-08-20 17:31:53 --> Session: Class initialized using 'CodeIgniter\Session\Handlers\DatabaseHandler' driver.
INFO - 2023-08-20 23:01:53 --> CSRF token verified.
INFO - 2023-08-20 17:31:53 --> Session: Class initialized using 'CodeIgniter\Session\Handlers\DatabaseHandler' driver.
INFO - 2023-08-20 23:01:53 --> CSRF token verified.
INFO - 2023-08-20 17:31:55 --> Session: Class initialized using 'CodeIgniter\Session\Handlers\DatabaseHandler' driver.
INFO - 2023-08-20 23:01:55 --> CSRF token verified.
INFO - 2023-08-20 17:31:55 --> Session: Class initialized using 'CodeIgniter\Session\Handlers\DatabaseHandler' driver.
INFO - 2023-08-20 23:01:55 --> CSRF token verified.
INFO - 2023-08-20 17:33:53 --> Session: Class initialized using 'CodeIgniter\Session\Handlers\DatabaseHandler' driver.
INFO - 2023-08-20 17:33:55 --> Session: Class initialized using 'CodeIgniter\Session\Handlers\DatabaseHandler' driver.
INFO - 2023-08-20 23:03:55 --> CSRF token verified.
INFO - 2023-08-20 17:33:57 --> Session: Class initialized using 'CodeIgniter\Session\Handlers\DatabaseHandler' driver.
INFO - 2023-08-20 23:03:57 --> CSRF token verified.
INFO - 2023-08-20 17:34:24 --> Session: Class initialized using 'CodeIgniter\Session\Handlers\DatabaseHandler' driver.
INFO - 2023-08-20 23:04:24 --> CSRF token verified.
INFO - 2023-08-20 17:35:35 --> Session: Class initialized using 'CodeIgniter\Session\Handlers\DatabaseHandler' driver.
INFO - 2023-08-20 17:35:37 --> Session: Class initialized using 'CodeIgniter\Session\Handlers\DatabaseHandler' driver.
INFO - 2023-08-20 23:05:37 --> CSRF token verified.
INFO - 2023-08-20 17:35:38 --> Session: Class initialized using 'CodeIgniter\Session\Handlers\DatabaseHandler' driver.
INFO - 2023-08-20 23:05:38 --> CSRF token verified.
INFO - 2023-08-20 17:35:38 --> Session: Class initialized using 'CodeIgniter\Session\Handlers\DatabaseHandler' driver.
INFO - 2023-08-20 23:05:38 --> CSRF token verified.
INFO - 2023-08-20 17:36:13 --> Session: Class initialized using 'CodeIgniter\Session\Handlers\DatabaseHandler' driver.
INFO - 2023-08-20 17:36:14 --> Session: Class initialized using 'CodeIgniter\Session\Handlers\DatabaseHandler' driver.
INFO - 2023-08-20 23:06:14 --> CSRF token verified.
INFO - 2023-08-20 17:36:16 --> Session: Class initialized using 'CodeIgniter\Session\Handlers\DatabaseHandler' driver.
INFO - 2023-08-20 23:06:16 --> CSRF token verified.
INFO - 2023-08-20 17:38:55 --> Session: Class initialized using 'CodeIgniter\Session\Handlers\DatabaseHandler' driver.
INFO - 2023-08-20 17:38:57 --> Session: Class initialized using 'CodeIgniter\Session\Handlers\DatabaseHandler' driver.
INFO - 2023-08-20 23:08:57 --> CSRF token verified.
INFO - 2023-08-20 17:38:59 --> Session: Class initialized using 'CodeIgniter\Session\Handlers\DatabaseHandler' driver.
INFO - 2023-08-20 23:08:59 --> CSRF token verified.
INFO - 2023-08-20 17:40:10 --> Session: Class initialized using 'CodeIgniter\Session\Handlers\DatabaseHandler' driver.
INFO - 2023-08-20 17:40:13 --> Session: Class initialized using 'CodeIgniter\Session\Handlers\DatabaseHandler' driver.
INFO - 2023-08-20 23:10:13 --> CSRF token verified.
INFO - 2023-08-20 17:40:14 --> Session: Class initialized using 'CodeIgniter\Session\Handlers\DatabaseHandler' driver.
INFO - 2023-08-20 23:10:14 --> CSRF token verified.
INFO - 2023-08-20 17:41:12 --> Session: Class initialized using 'CodeIgniter\Session\Handlers\DatabaseHandler' driver.
INFO - 2023-08-20 17:41:14 --> Session: Class initialized using 'CodeIgniter\Session\Handlers\DatabaseHandler' driver.
INFO - 2023-08-20 23:11:14 --> CSRF token verified.
INFO - 2023-08-20 17:41:15 --> Session: Class initialized using 'CodeIgniter\Session\Handlers\DatabaseHandler' driver.
INFO - 2023-08-20 23:11:15 --> CSRF token verified.
INFO - 2023-08-20 17:42:32 --> Session: Class initialized using 'CodeIgniter\Session\Handlers\DatabaseHandler' driver.
INFO - 2023-08-20 17:42:35 --> Session: Class initialized using 'CodeIgniter\Session\Handlers\DatabaseHandler' driver.
INFO - 2023-08-20 23:12:35 --> CSRF token verified.
INFO - 2023-08-20 17:42:36 --> Session: Class initialized using 'CodeIgniter\Session\Handlers\DatabaseHandler' driver.
INFO - 2023-08-20 23:12:36 --> CSRF token verified.
INFO - 2023-08-20 17:43:44 --> Session: Class initialized using 'CodeIgniter\Session\Handlers\DatabaseHandler' driver.
INFO - 2023-08-20 17:43:47 --> Session: Class initialized using 'CodeIgniter\Session\Handlers\DatabaseHandler' driver.
INFO - 2023-08-20 23:13:47 --> CSRF token verified.
INFO - 2023-08-20 17:43:48 --> Session: Class initialized using 'CodeIgniter\Session\Handlers\DatabaseHandler' driver.
INFO - 2023-08-20 23:13:48 --> CSRF token verified.
INFO - 2023-08-20 17:43:49 --> Session: Class initialized using 'CodeIgniter\Session\Handlers\DatabaseHandler' driver.
INFO - 2023-08-20 23:13:49 --> CSRF token verified.
INFO - 2023-08-20 17:45:10 --> Session: Class initialized using 'CodeIgniter\Session\Handlers\DatabaseHandler' driver.
INFO - 2023-08-20 17:45:12 --> Session: Class initialized using 'CodeIgniter\Session\Handlers\DatabaseHandler' driver.
INFO - 2023-08-20 23:15:12 --> CSRF token verified.
INFO - 2023-08-20 17:45:13 --> Session: Class initialized using 'CodeIgniter\Session\Handlers\DatabaseHandler' driver.
INFO - 2023-08-20 23:15:13 --> CSRF token verified.
INFO - 2023-08-20 17:45:13 --> Session: Class initialized using 'CodeIgniter\Session\Handlers\DatabaseHandler' driver.
INFO - 2023-08-20 23:15:13 --> CSRF token verified.
