ERROR - 2023-07-16 14:03:25 --> Error connecting to the database: mysqli_sql_exception: Unknown database 'kingcart_epapermedia' in C:\xampp\htdocs\epaper\system\Database\MySQLi\Connection.php:174
Stack trace:
#0 C:\xampp\htdocs\epaper\system\Database\MySQLi\Connection.php(174): mysqli->real_connect('localhost', 'kingcart_epaper...', 'Techonica@123', 'kingcart_epaper...', 3306, '', 0)
#1 C:\xampp\htdocs\epaper\system\Database\BaseConnection.php(391): CodeIgniter\Database\MySQLi\Connection->connect(false)
#2 C:\xampp\htdocs\epaper\system\Session\Handlers\DatabaseHandler.php(109): CodeIgniter\Database\BaseConnection->initialize()
#3 [internal function]: CodeIgniter\Session\Handlers\DatabaseHandler->open('ci_sessions', 'vr_session')
#4 C:\xampp\htdocs\epaper\system\Session\Session.php(920): session_start()
#5 C:\xampp\htdocs\epaper\system\Session\Session.php(250): CodeIgniter\Session\Session->startSession()
#6 C:\xampp\htdocs\epaper\system\Config\Services.php(674): CodeIgniter\Session\Session->start()
#7 C:\xampp\htdocs\epaper\system\Config\BaseService.php(252): CodeIgniter\Config\Services::session(Object(Config\App), false)
#8 C:\xampp\htdocs\epaper\system\Config\BaseService.php(193): CodeIgniter\Config\BaseService::__callStatic('session', Array)
#9 C:\xampp\htdocs\epaper\system\Config\Services.php(641): CodeIgniter\Config\BaseService::getSharedInstance('session', NULL)
#10 C:\xampp\htdocs\epaper\system\Config\BaseService.php(252): CodeIgniter\Config\Services::session()
#11 C:\xampp\htdocs\epaper\app\Config\Globals.php(29): CodeIgniter\Config\BaseService::__callStatic('session', Array)
#12 C:\xampp\htdocs\epaper\app\Config\Globals.php(120): Config\Globals::setGlobals()
#13 C:\xampp\htdocs\epaper\system\Autoloader\Autoloader.php(312): include_once('C:\\xampp\\htdocs...')
#14 C:\xampp\htdocs\epaper\system\Autoloader\Autoloader.php(289): CodeIgniter\Autoloader\Autoloader->includeFile('C:\\xampp\\htdocs...')
#15 C:\xampp\htdocs\epaper\system\Autoloader\Autoloader.php(267): CodeIgniter\Autoloader\Autoloader->loadInNamespace('Config\\Globals')
#16 C:\xampp\htdocs\epaper\app\Config\Routes.php(7): CodeIgniter\Autoloader\Autoloader->loadClass('Config\\Globals')
#17 C:\xampp\htdocs\epaper\system\Router\RouteCollection.php(267): require('C:\\xampp\\htdocs...')
#18 C:\xampp\htdocs\epaper\system\CodeIgniter.php(800): CodeIgniter\Router\RouteCollection->loadRoutes()
#19 C:\xampp\htdocs\epaper\system\CodeIgniter.php(447): CodeIgniter\CodeIgniter->tryToRouteIt(NULL)
#20 C:\xampp\htdocs\epaper\system\CodeIgniter.php(366): CodeIgniter\CodeIgniter->handleRequest(NULL, Object(Config\Cache), false)
#21 C:\xampp\htdocs\epaper\index.php(77): CodeIgniter\CodeIgniter->run()
#22 {main}

Next CodeIgniter\Database\Exceptions\DatabaseException: Unknown database '****' in C:\xampp\htdocs\epaper\system\Database\MySQLi\Connection.php:218
Stack trace:
#0 C:\xampp\htdocs\epaper\system\Database\BaseConnection.php(391): CodeIgniter\Database\MySQLi\Connection->connect(false)
#1 C:\xampp\htdocs\epaper\system\Session\Handlers\DatabaseHandler.php(109): CodeIgniter\Database\BaseConnection->initialize()
#2 [internal function]: CodeIgniter\Session\Handlers\DatabaseHandler->open('ci_sessions', 'vr_session')
#3 C:\xampp\htdocs\epaper\system\Session\Session.php(920): session_start()
#4 C:\xampp\htdocs\epaper\system\Session\Session.php(250): CodeIgniter\Session\Session->startSession()
#5 C:\xampp\htdocs\epaper\system\Config\Services.php(674): CodeIgniter\Session\Session->start()
#6 C:\xampp\htdocs\epaper\system\Config\BaseService.php(252): CodeIgniter\Config\Services::session(Object(Config\App), false)
#7 C:\xampp\htdocs\epaper\system\Config\BaseService.php(193): CodeIgniter\Config\BaseService::__callStatic('session', Array)
#8 C:\xampp\htdocs\epaper\system\Config\Services.php(641): CodeIgniter\Config\BaseService::getSharedInstance('session', NULL)
#9 C:\xampp\htdocs\epaper\system\Config\BaseService.php(252): CodeIgniter\Config\Services::session()
#10 C:\xampp\htdocs\epaper\app\Config\Globals.php(29): CodeIgniter\Config\BaseService::__callStatic('session', Array)
#11 C:\xampp\htdocs\epaper\app\Config\Globals.php(120): Config\Globals::setGlobals()
#12 C:\xampp\htdocs\epaper\system\Autoloader\Autoloader.php(312): include_once('C:\\xampp\\htdocs...')
#13 C:\xampp\htdocs\epaper\system\Autoloader\Autoloader.php(289): CodeIgniter\Autoloader\Autoloader->includeFile('C:\\xampp\\htdocs...')
#14 C:\xampp\htdocs\epaper\system\Autoloader\Autoloader.php(267): CodeIgniter\Autoloader\Autoloader->loadInNamespace('Config\\Globals')
#15 C:\xampp\htdocs\epaper\app\Config\Routes.php(7): CodeIgniter\Autoloader\Autoloader->loadClass('Config\\Globals')
#16 C:\xampp\htdocs\epaper\system\Router\RouteCollection.php(267): require('C:\\xampp\\htdocs...')
#17 C:\xampp\htdocs\epaper\system\CodeIgniter.php(800): CodeIgniter\Router\RouteCollection->loadRoutes()
#18 C:\xampp\htdocs\epaper\system\CodeIgniter.php(447): CodeIgniter\CodeIgniter->tryToRouteIt(NULL)
#19 C:\xampp\htdocs\epaper\system\CodeIgniter.php(366): CodeIgniter\CodeIgniter->handleRequest(NULL, Object(Config\Cache), false)
#20 C:\xampp\htdocs\epaper\index.php(77): CodeIgniter\CodeIgniter->run()
#21 {main}
CRITICAL - 2023-07-16 14:03:25 --> Unable to connect to the database.
Main connection [MySQLi]: Unknown database '****'
in SYSTEMPATH\Database\BaseConnection.php on line 427.
 1 SYSTEMPATH\Session\Handlers\DatabaseHandler.php(109): CodeIgniter\Database\BaseConnection->initialize()
 2 [internal function]: CodeIgniter\Session\Handlers\DatabaseHandler->open('ci_sessions', 'vr_session')
 3 SYSTEMPATH\Session\Session.php(920): session_start()
 4 SYSTEMPATH\Session\Session.php(250): CodeIgniter\Session\Session->startSession()
 5 SYSTEMPATH\Config\Services.php(674): CodeIgniter\Session\Session->start()
 6 SYSTEMPATH\Config\BaseService.php(252): CodeIgniter\Config\Services::session(Object(Config\App), false)
 7 SYSTEMPATH\Config\BaseService.php(193): CodeIgniter\Config\BaseService::__callStatic('session', [...])
 8 SYSTEMPATH\Config\Services.php(641): CodeIgniter\Config\BaseService::getSharedInstance('session', null)
 9 SYSTEMPATH\Config\BaseService.php(252): CodeIgniter\Config\Services::session()
10 APPPATH\Config\Globals.php(29): CodeIgniter\Config\BaseService::__callStatic('session', [])
11 APPPATH\Config\Globals.php(120): Config\Globals::setGlobals()
12 SYSTEMPATH\Autoloader\Autoloader.php(312): include_once('C:\\xampp\\htdocs\\epaper\\app\\Config\\Globals.php')
13 SYSTEMPATH\Autoloader\Autoloader.php(289): CodeIgniter\Autoloader\Autoloader->includeFile('C:\\xampp\\htdocs\\epaper\\app\\Config\\Globals.php')
14 SYSTEMPATH\Autoloader\Autoloader.php(267): CodeIgniter\Autoloader\Autoloader->loadInNamespace('Config\\Globals')
15 APPPATH\Config\Routes.php(7): CodeIgniter\Autoloader\Autoloader->loadClass('Config\\Globals')
16 SYSTEMPATH\Router\RouteCollection.php(267): require('C:\\xampp\\htdocs\\epaper\\app\\Config\\Routes.php')
17 SYSTEMPATH\CodeIgniter.php(800): CodeIgniter\Router\RouteCollection->loadRoutes()
18 SYSTEMPATH\CodeIgniter.php(447): CodeIgniter\CodeIgniter->tryToRouteIt(null)
19 SYSTEMPATH\CodeIgniter.php(366): CodeIgniter\CodeIgniter->handleRequest(null, Object(Config\Cache), false)
20 FCPATH\index.php(77): CodeIgniter\CodeIgniter->run()
ERROR - 2023-07-16 14:03:50 --> Error connecting to the database: mysqli_sql_exception: Unknown database 'kingcart_epapermedia' in C:\xampp\htdocs\epaper\system\Database\MySQLi\Connection.php:174
Stack trace:
#0 C:\xampp\htdocs\epaper\system\Database\MySQLi\Connection.php(174): mysqli->real_connect('localhost', 'kingcart_epaper...', 'Techonica@123', 'kingcart_epaper...', 3306, '', 0)
#1 C:\xampp\htdocs\epaper\system\Database\BaseConnection.php(391): CodeIgniter\Database\MySQLi\Connection->connect(false)
#2 C:\xampp\htdocs\epaper\system\Session\Handlers\DatabaseHandler.php(109): CodeIgniter\Database\BaseConnection->initialize()
#3 [internal function]: CodeIgniter\Session\Handlers\DatabaseHandler->open('ci_sessions', 'vr_session')
#4 C:\xampp\htdocs\epaper\system\Session\Session.php(920): session_start()
#5 C:\xampp\htdocs\epaper\system\Session\Session.php(250): CodeIgniter\Session\Session->startSession()
#6 C:\xampp\htdocs\epaper\system\Config\Services.php(674): CodeIgniter\Session\Session->start()
#7 C:\xampp\htdocs\epaper\system\Config\BaseService.php(252): CodeIgniter\Config\Services::session(Object(Config\App), false)
#8 C:\xampp\htdocs\epaper\system\Config\BaseService.php(193): CodeIgniter\Config\BaseService::__callStatic('session', Array)
#9 C:\xampp\htdocs\epaper\system\Config\Services.php(641): CodeIgniter\Config\BaseService::getSharedInstance('session', NULL)
#10 C:\xampp\htdocs\epaper\system\Config\BaseService.php(252): CodeIgniter\Config\Services::session()
#11 C:\xampp\htdocs\epaper\app\Config\Globals.php(29): CodeIgniter\Config\BaseService::__callStatic('session', Array)
#12 C:\xampp\htdocs\epaper\app\Config\Globals.php(120): Config\Globals::setGlobals()
#13 C:\xampp\htdocs\epaper\system\Autoloader\Autoloader.php(312): include_once('C:\\xampp\\htdocs...')
#14 C:\xampp\htdocs\epaper\system\Autoloader\Autoloader.php(289): CodeIgniter\Autoloader\Autoloader->includeFile('C:\\xampp\\htdocs...')
#15 C:\xampp\htdocs\epaper\system\Autoloader\Autoloader.php(267): CodeIgniter\Autoloader\Autoloader->loadInNamespace('Config\\Globals')
#16 C:\xampp\htdocs\epaper\app\Config\Routes.php(7): CodeIgniter\Autoloader\Autoloader->loadClass('Config\\Globals')
#17 C:\xampp\htdocs\epaper\system\Router\RouteCollection.php(267): require('C:\\xampp\\htdocs...')
#18 C:\xampp\htdocs\epaper\system\CodeIgniter.php(800): CodeIgniter\Router\RouteCollection->loadRoutes()
#19 C:\xampp\htdocs\epaper\system\CodeIgniter.php(447): CodeIgniter\CodeIgniter->tryToRouteIt(NULL)
#20 C:\xampp\htdocs\epaper\system\CodeIgniter.php(366): CodeIgniter\CodeIgniter->handleRequest(NULL, Object(Config\Cache), false)
#21 C:\xampp\htdocs\epaper\index.php(77): CodeIgniter\CodeIgniter->run()
#22 {main}

Next CodeIgniter\Database\Exceptions\DatabaseException: Unknown database '****' in C:\xampp\htdocs\epaper\system\Database\MySQLi\Connection.php:218
Stack trace:
#0 C:\xampp\htdocs\epaper\system\Database\BaseConnection.php(391): CodeIgniter\Database\MySQLi\Connection->connect(false)
#1 C:\xampp\htdocs\epaper\system\Session\Handlers\DatabaseHandler.php(109): CodeIgniter\Database\BaseConnection->initialize()
#2 [internal function]: CodeIgniter\Session\Handlers\DatabaseHandler->open('ci_sessions', 'vr_session')
#3 C:\xampp\htdocs\epaper\system\Session\Session.php(920): session_start()
#4 C:\xampp\htdocs\epaper\system\Session\Session.php(250): CodeIgniter\Session\Session->startSession()
#5 C:\xampp\htdocs\epaper\system\Config\Services.php(674): CodeIgniter\Session\Session->start()
#6 C:\xampp\htdocs\epaper\system\Config\BaseService.php(252): CodeIgniter\Config\Services::session(Object(Config\App), false)
#7 C:\xampp\htdocs\epaper\system\Config\BaseService.php(193): CodeIgniter\Config\BaseService::__callStatic('session', Array)
#8 C:\xampp\htdocs\epaper\system\Config\Services.php(641): CodeIgniter\Config\BaseService::getSharedInstance('session', NULL)
#9 C:\xampp\htdocs\epaper\system\Config\BaseService.php(252): CodeIgniter\Config\Services::session()
#10 C:\xampp\htdocs\epaper\app\Config\Globals.php(29): CodeIgniter\Config\BaseService::__callStatic('session', Array)
#11 C:\xampp\htdocs\epaper\app\Config\Globals.php(120): Config\Globals::setGlobals()
#12 C:\xampp\htdocs\epaper\system\Autoloader\Autoloader.php(312): include_once('C:\\xampp\\htdocs...')
#13 C:\xampp\htdocs\epaper\system\Autoloader\Autoloader.php(289): CodeIgniter\Autoloader\Autoloader->includeFile('C:\\xampp\\htdocs...')
#14 C:\xampp\htdocs\epaper\system\Autoloader\Autoloader.php(267): CodeIgniter\Autoloader\Autoloader->loadInNamespace('Config\\Globals')
#15 C:\xampp\htdocs\epaper\app\Config\Routes.php(7): CodeIgniter\Autoloader\Autoloader->loadClass('Config\\Globals')
#16 C:\xampp\htdocs\epaper\system\Router\RouteCollection.php(267): require('C:\\xampp\\htdocs...')
#17 C:\xampp\htdocs\epaper\system\CodeIgniter.php(800): CodeIgniter\Router\RouteCollection->loadRoutes()
#18 C:\xampp\htdocs\epaper\system\CodeIgniter.php(447): CodeIgniter\CodeIgniter->tryToRouteIt(NULL)
#19 C:\xampp\htdocs\epaper\system\CodeIgniter.php(366): CodeIgniter\CodeIgniter->handleRequest(NULL, Object(Config\Cache), false)
#20 C:\xampp\htdocs\epaper\index.php(77): CodeIgniter\CodeIgniter->run()
#21 {main}
CRITICAL - 2023-07-16 14:03:50 --> Unable to connect to the database.
Main connection [MySQLi]: Unknown database '****'
in SYSTEMPATH\Database\BaseConnection.php on line 427.
 1 SYSTEMPATH\Session\Handlers\DatabaseHandler.php(109): CodeIgniter\Database\BaseConnection->initialize()
 2 [internal function]: CodeIgniter\Session\Handlers\DatabaseHandler->open('ci_sessions', 'vr_session')
 3 SYSTEMPATH\Session\Session.php(920): session_start()
 4 SYSTEMPATH\Session\Session.php(250): CodeIgniter\Session\Session->startSession()
 5 SYSTEMPATH\Config\Services.php(674): CodeIgniter\Session\Session->start()
 6 SYSTEMPATH\Config\BaseService.php(252): CodeIgniter\Config\Services::session(Object(Config\App), false)
 7 SYSTEMPATH\Config\BaseService.php(193): CodeIgniter\Config\BaseService::__callStatic('session', [...])
 8 SYSTEMPATH\Config\Services.php(641): CodeIgniter\Config\BaseService::getSharedInstance('session', null)
 9 SYSTEMPATH\Config\BaseService.php(252): CodeIgniter\Config\Services::session()
10 APPPATH\Config\Globals.php(29): CodeIgniter\Config\BaseService::__callStatic('session', [])
11 APPPATH\Config\Globals.php(120): Config\Globals::setGlobals()
12 SYSTEMPATH\Autoloader\Autoloader.php(312): include_once('C:\\xampp\\htdocs\\epaper\\app\\Config\\Globals.php')
13 SYSTEMPATH\Autoloader\Autoloader.php(289): CodeIgniter\Autoloader\Autoloader->includeFile('C:\\xampp\\htdocs\\epaper\\app\\Config\\Globals.php')
14 SYSTEMPATH\Autoloader\Autoloader.php(267): CodeIgniter\Autoloader\Autoloader->loadInNamespace('Config\\Globals')
15 APPPATH\Config\Routes.php(7): CodeIgniter\Autoloader\Autoloader->loadClass('Config\\Globals')
16 SYSTEMPATH\Router\RouteCollection.php(267): require('C:\\xampp\\htdocs\\epaper\\app\\Config\\Routes.php')
17 SYSTEMPATH\CodeIgniter.php(800): CodeIgniter\Router\RouteCollection->loadRoutes()
18 SYSTEMPATH\CodeIgniter.php(447): CodeIgniter\CodeIgniter->tryToRouteIt(null)
19 SYSTEMPATH\CodeIgniter.php(366): CodeIgniter\CodeIgniter->handleRequest(null, Object(Config\Cache), false)
20 FCPATH\index.php(77): CodeIgniter\CodeIgniter->run()
CRITICAL - 2023-07-16 20:07:51 --> Undefined variable $title
in APPPATH\Views\admin\includes\_header.php on line 6.
 1 APPPATH\Views\admin\includes\_header.php(6): CodeIgniter\Debug\Exceptions->errorHandler(2, 'Undefined variable $title', 'C:\\xampp\\htdocs\\epaper\\app\\Views\\admin\\includes\\_header.php', 6)
 2 SYSTEMPATH\View\View.php(224): include('C:\\xampp\\htdocs\\epaper\\app\\Views\\admin\\includes\\_header.php')
 3 SYSTEMPATH\View\View.php(227): CodeIgniter\View\View->CodeIgniter\View\{closure}()
 4 SYSTEMPATH\Common.php(1180): CodeIgniter\View\View->render('admin/includes/_header', [], true)
 5 APPPATH\Controllers\EpaperController.php(28): view('admin/includes/_header')
 6 SYSTEMPATH\CodeIgniter.php(932): App\Controllers\EpaperController->create()
 7 SYSTEMPATH\CodeIgniter.php(497): CodeIgniter\CodeIgniter->runController(Object(App\Controllers\EpaperController))
 8 SYSTEMPATH\CodeIgniter.php(366): CodeIgniter\CodeIgniter->handleRequest(null, Object(Config\Cache), false)
 9 FCPATH\index.php(77): CodeIgniter\CodeIgniter->run()
CRITICAL - 2023-07-16 20:08:19 --> Undefined variable $title
in APPPATH\Views\admin\includes\_header.php on line 6.
 1 APPPATH\Views\admin\includes\_header.php(6): CodeIgniter\Debug\Exceptions->errorHandler(2, 'Undefined variable $title', 'C:\\xampp\\htdocs\\epaper\\app\\Views\\admin\\includes\\_header.php', 6)
 2 SYSTEMPATH\View\View.php(224): include('C:\\xampp\\htdocs\\epaper\\app\\Views\\admin\\includes\\_header.php')
 3 SYSTEMPATH\View\View.php(227): CodeIgniter\View\View->CodeIgniter\View\{closure}()
 4 SYSTEMPATH\Common.php(1180): CodeIgniter\View\View->render('admin/includes/_header', [], true)
 5 APPPATH\Controllers\EpaperController.php(30): view('admin/includes/_header')
 6 SYSTEMPATH\CodeIgniter.php(932): App\Controllers\EpaperController->create()
 7 SYSTEMPATH\CodeIgniter.php(497): CodeIgniter\CodeIgniter->runController(Object(App\Controllers\EpaperController))
 8 SYSTEMPATH\CodeIgniter.php(366): CodeIgniter\CodeIgniter->handleRequest(null, Object(Config\Cache), false)
 9 FCPATH\index.php(77): CodeIgniter\CodeIgniter->run()
CRITICAL - 2023-07-16 20:08:21 --> Undefined variable $title
in APPPATH\Views\admin\includes\_header.php on line 6.
 1 APPPATH\Views\admin\includes\_header.php(6): CodeIgniter\Debug\Exceptions->errorHandler(2, 'Undefined variable $title', 'C:\\xampp\\htdocs\\epaper\\app\\Views\\admin\\includes\\_header.php', 6)
 2 SYSTEMPATH\View\View.php(224): include('C:\\xampp\\htdocs\\epaper\\app\\Views\\admin\\includes\\_header.php')
 3 SYSTEMPATH\View\View.php(227): CodeIgniter\View\View->CodeIgniter\View\{closure}()
 4 SYSTEMPATH\Common.php(1180): CodeIgniter\View\View->render('admin/includes/_header', [], true)
 5 APPPATH\Controllers\EpaperController.php(30): view('admin/includes/_header')
 6 SYSTEMPATH\CodeIgniter.php(932): App\Controllers\EpaperController->create()
 7 SYSTEMPATH\CodeIgniter.php(497): CodeIgniter\CodeIgniter->runController(Object(App\Controllers\EpaperController))
 8 SYSTEMPATH\CodeIgniter.php(366): CodeIgniter\CodeIgniter->handleRequest(null, Object(Config\Cache), false)
 9 FCPATH\index.php(77): CodeIgniter\CodeIgniter->run()
CRITICAL - 2023-07-16 20:08:22 --> Undefined variable $title
in APPPATH\Views\admin\includes\_header.php on line 6.
 1 APPPATH\Views\admin\includes\_header.php(6): CodeIgniter\Debug\Exceptions->errorHandler(2, 'Undefined variable $title', 'C:\\xampp\\htdocs\\epaper\\app\\Views\\admin\\includes\\_header.php', 6)
 2 SYSTEMPATH\View\View.php(224): include('C:\\xampp\\htdocs\\epaper\\app\\Views\\admin\\includes\\_header.php')
 3 SYSTEMPATH\View\View.php(227): CodeIgniter\View\View->CodeIgniter\View\{closure}()
 4 SYSTEMPATH\Common.php(1180): CodeIgniter\View\View->render('admin/includes/_header', [], true)
 5 APPPATH\Controllers\EpaperController.php(30): view('admin/includes/_header')
 6 SYSTEMPATH\CodeIgniter.php(932): App\Controllers\EpaperController->create()
 7 SYSTEMPATH\CodeIgniter.php(497): CodeIgniter\CodeIgniter->runController(Object(App\Controllers\EpaperController))
 8 SYSTEMPATH\CodeIgniter.php(366): CodeIgniter\CodeIgniter->handleRequest(null, Object(Config\Cache), false)
 9 FCPATH\index.php(77): CodeIgniter\CodeIgniter->run()
INFO - 2023-07-16 14:39:02 --> Session: Class initialized using 'CodeIgniter\Session\Handlers\DatabaseHandler' driver.
CRITICAL - 2023-07-16 20:09:02 --> Undefined variable $title
in APPPATH\Views\admin\includes\_header.php on line 6.
 1 APPPATH\Views\admin\includes\_header.php(6): CodeIgniter\Debug\Exceptions->errorHandler(2, 'Undefined variable $title', 'C:\\xampp\\htdocs\\epaper\\app\\Views\\admin\\includes\\_header.php', 6)
 2 SYSTEMPATH\View\View.php(224): include('C:\\xampp\\htdocs\\epaper\\app\\Views\\admin\\includes\\_header.php')
 3 SYSTEMPATH\View\View.php(227): CodeIgniter\View\View->CodeIgniter\View\{closure}()
 4 SYSTEMPATH\Common.php(1180): CodeIgniter\View\View->render('admin/includes/_header', [], true)
 5 APPPATH\Controllers\EpaperController.php(30): view('admin/includes/_header')
 6 SYSTEMPATH\CodeIgniter.php(932): App\Controllers\EpaperController->create()
 7 SYSTEMPATH\CodeIgniter.php(497): CodeIgniter\CodeIgniter->runController(Object(App\Controllers\EpaperController))
 8 SYSTEMPATH\CodeIgniter.php(366): CodeIgniter\CodeIgniter->handleRequest(null, Object(Config\Cache), false)
 9 FCPATH\index.php(77): CodeIgniter\CodeIgniter->run()
INFO - 2023-07-16 14:39:24 --> Session: Class initialized using 'CodeIgniter\Session\Handlers\DatabaseHandler' driver.
INFO - 2023-07-16 14:42:43 --> Session: Class initialized using 'CodeIgniter\Session\Handlers\DatabaseHandler' driver.
CRITICAL - 2023-07-16 20:12:43 --> Invalid file: "admin/epaper/epaper_create.php"
in SYSTEMPATH\Exceptions\FrameworkException.php on line 33.
 1 SYSTEMPATH\View\View.php(212): CodeIgniter\Exceptions\FrameworkException::forInvalidFile('admin/epaper/epaper_create.php')
 2 SYSTEMPATH\Common.php(1180): CodeIgniter\View\View->render('admin/epaper/epaper_create', [], true)
 3 APPPATH\Controllers\EpaperController.php(31): view('admin/epaper/epaper_create')
 4 SYSTEMPATH\CodeIgniter.php(932): App\Controllers\EpaperController->create()
 5 SYSTEMPATH\CodeIgniter.php(497): CodeIgniter\CodeIgniter->runController(Object(App\Controllers\EpaperController))
 6 SYSTEMPATH\CodeIgniter.php(366): CodeIgniter\CodeIgniter->handleRequest(null, Object(Config\Cache), false)
 7 FCPATH\index.php(77): CodeIgniter\CodeIgniter->run()
INFO - 2023-07-16 14:43:28 --> Session: Class initialized using 'CodeIgniter\Session\Handlers\DatabaseHandler' driver.
INFO - 2023-07-16 14:43:28 --> Session: Class initialized using 'CodeIgniter\Session\Handlers\DatabaseHandler' driver.
INFO - 2023-07-16 14:43:28 --> Session: Class initialized using 'CodeIgniter\Session\Handlers\DatabaseHandler' driver.
INFO - 2023-07-16 14:43:28 --> Session: Class initialized using 'CodeIgniter\Session\Handlers\DatabaseHandler' driver.
INFO - 2023-07-16 16:11:51 --> Session: Class initialized using 'CodeIgniter\Session\Handlers\DatabaseHandler' driver.
INFO - 2023-07-16 16:11:52 --> Session: Class initialized using 'CodeIgniter\Session\Handlers\DatabaseHandler' driver.
INFO - 2023-07-16 16:11:52 --> Session: Class initialized using 'CodeIgniter\Session\Handlers\DatabaseHandler' driver.
INFO - 2023-07-16 16:11:52 --> Session: Class initialized using 'CodeIgniter\Session\Handlers\DatabaseHandler' driver.
INFO - 2023-07-16 16:13:06 --> Session: Class initialized using 'CodeIgniter\Session\Handlers\DatabaseHandler' driver.
