CRITICAL - 2023-08-25 00:20:19 --> Too few arguments to function Dompdf\FontMetrics::__construct(), 0 passed in C:\xampp\htdocs\epaper\app\Controllers\EpaperController.php on line 133 and exactly 2 expected
in APPPATH\ThirdParty\pdf\vendor\dompdf\dompdf\src\FontMetrics.php on line 71.
 1 APPPATH\Controllers\EpaperController.php(133): Dompdf\FontMetrics->__construct()
 2 SYSTEMPATH\CodeIgniter.php(932): App\Controllers\EpaperController->downloadPdf('10')
 3 SYSTEMPATH\CodeIgniter.php(497): CodeIgniter\CodeIgniter->runController(Object(App\Controllers\EpaperController))
 4 SYSTEMPATH\CodeIgniter.php(366): CodeIgniter\CodeIgniter->handleRequest(null, Object(Config\Cache), false)
 5 FCPATH\index.php(77): CodeIgniter\CodeIgniter->run()
CRITICAL - 2023-08-25 00:20:21 --> Too few arguments to function Dompdf\FontMetrics::__construct(), 0 passed in C:\xampp\htdocs\epaper\app\Controllers\EpaperController.php on line 133 and exactly 2 expected
in APPPATH\ThirdParty\pdf\vendor\dompdf\dompdf\src\FontMetrics.php on line 71.
 1 APPPATH\Controllers\EpaperController.php(133): Dompdf\FontMetrics->__construct()
 2 SYSTEMPATH\CodeIgniter.php(932): App\Controllers\EpaperController->downloadPdf('10')
 3 SYSTEMPATH\CodeIgniter.php(497): CodeIgniter\CodeIgniter->runController(Object(App\Controllers\EpaperController))
 4 SYSTEMPATH\CodeIgniter.php(366): CodeIgniter\CodeIgniter->handleRequest(null, Object(Config\Cache), false)
 5 FCPATH\index.php(77): CodeIgniter\CodeIgniter->run()
CRITICAL - 2023-08-25 00:21:21 --> Class "FontMetrics" not found
in APPPATH\Controllers\EpaperController.php on line 133.
 1 SYSTEMPATH\CodeIgniter.php(932): App\Controllers\EpaperController->downloadPdf('10')
 2 SYSTEMPATH\CodeIgniter.php(497): CodeIgniter\CodeIgniter->runController(Object(App\Controllers\EpaperController))
 3 SYSTEMPATH\CodeIgniter.php(366): CodeIgniter\CodeIgniter->handleRequest(null, Object(Config\Cache), false)
 4 FCPATH\index.php(77): CodeIgniter\CodeIgniter->run()
CRITICAL - 2023-08-25 00:21:31 --> Dompdf\FontMetrics::__construct(): Argument #1 ($canvas) must be of type Dompdf\Canvas, string given, called in C:\xampp\htdocs\epaper\app\Controllers\EpaperController.php on line 133
in APPPATH\ThirdParty\pdf\vendor\dompdf\dompdf\src\FontMetrics.php on line 71.
 1 APPPATH\Controllers\EpaperController.php(133): Dompdf\FontMetrics->__construct('C:/xampp/htdocs/epaper/assets/fonts/arivndr-pomt-font')
 2 SYSTEMPATH\CodeIgniter.php(932): App\Controllers\EpaperController->downloadPdf('10')
 3 SYSTEMPATH\CodeIgniter.php(497): CodeIgniter\CodeIgniter->runController(Object(App\Controllers\EpaperController))
 4 SYSTEMPATH\CodeIgniter.php(366): CodeIgniter\CodeIgniter->handleRequest(null, Object(Config\Cache), false)
 5 FCPATH\index.php(77): CodeIgniter\CodeIgniter->run()
CRITICAL - 2023-08-25 00:22:08 --> Too few arguments to function Dompdf\FontMetrics::__construct(), 0 passed in C:\xampp\htdocs\epaper\app\Controllers\EpaperController.php on line 133 and exactly 2 expected
in APPPATH\ThirdParty\pdf\vendor\dompdf\dompdf\src\FontMetrics.php on line 71.
 1 APPPATH\Controllers\EpaperController.php(133): Dompdf\FontMetrics->__construct()
 2 SYSTEMPATH\CodeIgniter.php(932): App\Controllers\EpaperController->downloadPdf('10')
 3 SYSTEMPATH\CodeIgniter.php(497): CodeIgniter\CodeIgniter->runController(Object(App\Controllers\EpaperController))
 4 SYSTEMPATH\CodeIgniter.php(366): CodeIgniter\CodeIgniter->handleRequest(null, Object(Config\Cache), false)
 5 FCPATH\index.php(77): CodeIgniter\CodeIgniter->run()
CRITICAL - 2023-08-25 00:22:18 --> Too few arguments to function Dompdf\FontMetrics::__construct(), 0 passed in C:\xampp\htdocs\epaper\app\Controllers\EpaperController.php on line 134 and exactly 2 expected
in APPPATH\ThirdParty\pdf\vendor\dompdf\dompdf\src\FontMetrics.php on line 71.
 1 APPPATH\Controllers\EpaperController.php(134): Dompdf\FontMetrics->__construct()
 2 SYSTEMPATH\CodeIgniter.php(932): App\Controllers\EpaperController->downloadPdf('10')
 3 SYSTEMPATH\CodeIgniter.php(497): CodeIgniter\CodeIgniter->runController(Object(App\Controllers\EpaperController))
 4 SYSTEMPATH\CodeIgniter.php(366): CodeIgniter\CodeIgniter->handleRequest(null, Object(Config\Cache), false)
 5 FCPATH\index.php(77): CodeIgniter\CodeIgniter->run()
CRITICAL - 2023-08-25 00:22:21 --> Too few arguments to function Dompdf\FontMetrics::__construct(), 0 passed in C:\xampp\htdocs\epaper\app\Controllers\EpaperController.php on line 134 and exactly 2 expected
in APPPATH\ThirdParty\pdf\vendor\dompdf\dompdf\src\FontMetrics.php on line 71.
 1 APPPATH\Controllers\EpaperController.php(134): Dompdf\FontMetrics->__construct()
 2 SYSTEMPATH\CodeIgniter.php(932): App\Controllers\EpaperController->downloadPdf('10')
 3 SYSTEMPATH\CodeIgniter.php(497): CodeIgniter\CodeIgniter->runController(Object(App\Controllers\EpaperController))
 4 SYSTEMPATH\CodeIgniter.php(366): CodeIgniter\CodeIgniter->handleRequest(null, Object(Config\Cache), false)
 5 FCPATH\index.php(77): CodeIgniter\CodeIgniter->run()
CRITICAL - 2023-08-25 00:22:25 --> Too few arguments to function Dompdf\FontMetrics::__construct(), 0 passed in C:\xampp\htdocs\epaper\app\Controllers\EpaperController.php on line 134 and exactly 2 expected
in APPPATH\ThirdParty\pdf\vendor\dompdf\dompdf\src\FontMetrics.php on line 71.
 1 APPPATH\Controllers\EpaperController.php(134): Dompdf\FontMetrics->__construct()
 2 SYSTEMPATH\CodeIgniter.php(932): App\Controllers\EpaperController->downloadPdf('10')
 3 SYSTEMPATH\CodeIgniter.php(497): CodeIgniter\CodeIgniter->runController(Object(App\Controllers\EpaperController))
 4 SYSTEMPATH\CodeIgniter.php(366): CodeIgniter\CodeIgniter->handleRequest(null, Object(Config\Cache), false)
 5 FCPATH\index.php(77): CodeIgniter\CodeIgniter->run()
CRITICAL - 2023-08-25 00:23:37 --> Cannot instantiate interface Dompdf\Canvas
in APPPATH\Controllers\EpaperController.php on line 133.
 1 SYSTEMPATH\CodeIgniter.php(932): App\Controllers\EpaperController->downloadPdf('10')
 2 SYSTEMPATH\CodeIgniter.php(497): CodeIgniter\CodeIgniter->runController(Object(App\Controllers\EpaperController))
 3 SYSTEMPATH\CodeIgniter.php(366): CodeIgniter\CodeIgniter->handleRequest(null, Object(Config\Cache), false)
 4 FCPATH\index.php(77): CodeIgniter\CodeIgniter->run()
INFO - 2023-08-25 17:14:26 --> Session: Class initialized using 'CodeIgniter\Session\Handlers\DatabaseHandler' driver.
INFO - 2023-08-25 17:14:26 --> Session: Class initialized using 'CodeIgniter\Session\Handlers\DatabaseHandler' driver.
INFO - 2023-08-25 17:14:55 --> Session: Class initialized using 'CodeIgniter\Session\Handlers\DatabaseHandler' driver.
INFO - 2023-08-25 17:16:10 --> Session: Class initialized using 'CodeIgniter\Session\Handlers\DatabaseHandler' driver.
INFO - 2023-08-25 17:16:47 --> Session: Class initialized using 'CodeIgniter\Session\Handlers\DatabaseHandler' driver.
INFO - 2023-08-25 17:17:20 --> Session: Class initialized using 'CodeIgniter\Session\Handlers\DatabaseHandler' driver.
INFO - 2023-08-25 17:19:27 --> Session: Class initialized using 'CodeIgniter\Session\Handlers\DatabaseHandler' driver.
INFO - 2023-08-25 17:20:30 --> Session: Class initialized using 'CodeIgniter\Session\Handlers\DatabaseHandler' driver.
INFO - 2023-08-25 17:21:32 --> Session: Class initialized using 'CodeIgniter\Session\Handlers\DatabaseHandler' driver.
INFO - 2023-08-25 17:22:01 --> Session: Class initialized using 'CodeIgniter\Session\Handlers\DatabaseHandler' driver.
INFO - 2023-08-25 17:22:39 --> Session: Class initialized using 'CodeIgniter\Session\Handlers\DatabaseHandler' driver.
INFO - 2023-08-25 17:23:03 --> Session: Class initialized using 'CodeIgniter\Session\Handlers\DatabaseHandler' driver.
INFO - 2023-08-25 17:23:21 --> Session: Class initialized using 'CodeIgniter\Session\Handlers\DatabaseHandler' driver.
INFO - 2023-08-25 17:24:26 --> Session: Class initialized using 'CodeIgniter\Session\Handlers\DatabaseHandler' driver.
INFO - 2023-08-25 17:26:02 --> Session: Class initialized using 'CodeIgniter\Session\Handlers\DatabaseHandler' driver.
INFO - 2023-08-25 17:26:28 --> Session: Class initialized using 'CodeIgniter\Session\Handlers\DatabaseHandler' driver.
INFO - 2023-08-25 17:26:43 --> Session: Class initialized using 'CodeIgniter\Session\Handlers\DatabaseHandler' driver.
INFO - 2023-08-25 17:27:19 --> Session: Class initialized using 'CodeIgniter\Session\Handlers\DatabaseHandler' driver.
INFO - 2023-08-25 17:27:53 --> Session: Class initialized using 'CodeIgniter\Session\Handlers\DatabaseHandler' driver.
INFO - 2023-08-25 17:28:01 --> Session: Class initialized using 'CodeIgniter\Session\Handlers\DatabaseHandler' driver.
INFO - 2023-08-25 17:28:19 --> Session: Class initialized using 'CodeIgniter\Session\Handlers\DatabaseHandler' driver.
INFO - 2023-08-25 17:28:29 --> Session: Class initialized using 'CodeIgniter\Session\Handlers\DatabaseHandler' driver.
INFO - 2023-08-25 17:28:39 --> Session: Class initialized using 'CodeIgniter\Session\Handlers\DatabaseHandler' driver.
INFO - 2023-08-25 17:28:56 --> Session: Class initialized using 'CodeIgniter\Session\Handlers\DatabaseHandler' driver.
INFO - 2023-08-25 17:29:15 --> Session: Class initialized using 'CodeIgniter\Session\Handlers\DatabaseHandler' driver.
