ERROR - 2023-08-24 16:43:25 --> mysqli_sql_exception: Table 'epaper.ci_sessions' doesn't exist in C:\xampp\htdocs\epaper\system\Database\MySQLi\Connection.php:295
Stack trace:
#0 C:\xampp\htdocs\epaper\system\Database\MySQLi\Connection.php(295): mysqli->query('SELECT `data`\nF...', 0)
#1 C:\xampp\htdocs\epaper\system\Database\BaseConnection.php(692): CodeIgniter\Database\MySQLi\Connection->execute('SELECT `data`\nF...')
#2 C:\xampp\htdocs\epaper\system\Database\BaseConnection.php(606): CodeIgniter\Database\BaseConnection->simpleQuery('SELECT `data`\nF...')
#3 C:\xampp\htdocs\epaper\system\Database\BaseBuilder.php(1616): CodeIgniter\Database\BaseConnection->query('SELECT `data`\nF...', Array, false)
#4 C:\xampp\htdocs\epaper\system\Session\Handlers\DatabaseHandler.php(144): CodeIgniter\Database\BaseBuilder->get()
#5 [internal function]: CodeIgniter\Session\Handlers\DatabaseHandler->read('nn0kv6gmvidpdlu...')
#6 C:\xampp\htdocs\epaper\system\Session\Session.php(920): session_start()
#7 C:\xampp\htdocs\epaper\system\Session\Session.php(250): CodeIgniter\Session\Session->startSession()
#8 C:\xampp\htdocs\epaper\system\Config\Services.php(674): CodeIgniter\Session\Session->start()
#9 C:\xampp\htdocs\epaper\system\Config\BaseService.php(252): CodeIgniter\Config\Services::session(Object(Config\App), false)
#10 C:\xampp\htdocs\epaper\system\Config\BaseService.php(193): CodeIgniter\Config\BaseService::__callStatic('session', Array)
#11 C:\xampp\htdocs\epaper\system\Config\Services.php(641): CodeIgniter\Config\BaseService::getSharedInstance('session', NULL)
#12 C:\xampp\htdocs\epaper\system\Config\BaseService.php(252): CodeIgniter\Config\Services::session()
#13 C:\xampp\htdocs\epaper\app\Config\Globals.php(29): CodeIgniter\Config\BaseService::__callStatic('session', Array)
#14 C:\xampp\htdocs\epaper\app\Config\Globals.php(120): Config\Globals::setGlobals()
#15 C:\xampp\htdocs\epaper\system\Autoloader\Autoloader.php(312): include_once('C:\\xampp\\htdocs...')
#16 C:\xampp\htdocs\epaper\system\Autoloader\Autoloader.php(289): CodeIgniter\Autoloader\Autoloader->includeFile('C:\\xampp\\htdocs...')
#17 C:\xampp\htdocs\epaper\system\Autoloader\Autoloader.php(267): CodeIgniter\Autoloader\Autoloader->loadInNamespace('Config\\Globals')
#18 C:\xampp\htdocs\epaper\app\Config\Routes.php(7): CodeIgniter\Autoloader\Autoloader->loadClass('Config\\Globals')
#19 C:\xampp\htdocs\epaper\system\Router\RouteCollection.php(267): require('C:\\xampp\\htdocs...')
#20 C:\xampp\htdocs\epaper\system\CodeIgniter.php(800): CodeIgniter\Router\RouteCollection->loadRoutes()
#21 C:\xampp\htdocs\epaper\system\CodeIgniter.php(447): CodeIgniter\CodeIgniter->tryToRouteIt(NULL)
#22 C:\xampp\htdocs\epaper\system\CodeIgniter.php(366): CodeIgniter\CodeIgniter->handleRequest(NULL, Object(Config\Cache), false)
#23 C:\xampp\htdocs\epaper\index.php(77): CodeIgniter\CodeIgniter->run()
#24 {main}
CRITICAL - 2023-08-24 16:43:25 --> Table 'epaper.ci_sessions' doesn't exist
in SYSTEMPATH\Database\MySQLi\Connection.php on line 295.
 1 SYSTEMPATH\Database\MySQLi\Connection.php(295): mysqli->query('SELECT `data`
FROM `ci_sessions`
WHERE `id` = \'vr_session:nn0kv6gmvidpdluo5bkldj03l3774bh1\'', 0)
 2 SYSTEMPATH\Database\BaseConnection.php(692): CodeIgniter\Database\MySQLi\Connection->execute('SELECT `data`
FROM `ci_sessions`
WHERE `id` = \'vr_session:nn0kv6gmvidpdluo5bkldj03l3774bh1\'')
 3 SYSTEMPATH\Database\BaseConnection.php(606): CodeIgniter\Database\BaseConnection->simpleQuery('SELECT `data`
FROM `ci_sessions`
WHERE `id` = \'vr_session:nn0kv6gmvidpdluo5bkldj03l3774bh1\'')
 4 SYSTEMPATH\Database\BaseBuilder.php(1616): CodeIgniter\Database\BaseConnection->query('SELECT `data`
FROM `ci_sessions`
WHERE `id` = :id:', [...], false)
 5 SYSTEMPATH\Session\Handlers\DatabaseHandler.php(144): CodeIgniter\Database\BaseBuilder->get()
 6 [internal function]: CodeIgniter\Session\Handlers\DatabaseHandler->read('nn0kv6gmvidpdluo5bkldj03l3774bh1')
 7 SYSTEMPATH\Session\Session.php(920): session_start()
 8 SYSTEMPATH\Session\Session.php(250): CodeIgniter\Session\Session->startSession()
 9 SYSTEMPATH\Config\Services.php(674): CodeIgniter\Session\Session->start()
10 SYSTEMPATH\Config\BaseService.php(252): CodeIgniter\Config\Services::session(Object(Config\App), false)
11 SYSTEMPATH\Config\BaseService.php(193): CodeIgniter\Config\BaseService::__callStatic('session', [...])
12 SYSTEMPATH\Config\Services.php(641): CodeIgniter\Config\BaseService::getSharedInstance('session', null)
13 SYSTEMPATH\Config\BaseService.php(252): CodeIgniter\Config\Services::session()
14 APPPATH\Config\Globals.php(29): CodeIgniter\Config\BaseService::__callStatic('session', [])
15 APPPATH\Config\Globals.php(120): Config\Globals::setGlobals()
16 SYSTEMPATH\Autoloader\Autoloader.php(312): include_once('C:\\xampp\\htdocs\\epaper\\app\\Config\\Globals.php')
17 SYSTEMPATH\Autoloader\Autoloader.php(289): CodeIgniter\Autoloader\Autoloader->includeFile('C:\\xampp\\htdocs\\epaper\\app\\Config\\Globals.php')
18 SYSTEMPATH\Autoloader\Autoloader.php(267): CodeIgniter\Autoloader\Autoloader->loadInNamespace('Config\\Globals')
19 APPPATH\Config\Routes.php(7): CodeIgniter\Autoloader\Autoloader->loadClass('Config\\Globals')
20 SYSTEMPATH\Router\RouteCollection.php(267): require('C:\\xampp\\htdocs\\epaper\\app\\Config\\Routes.php')
21 SYSTEMPATH\CodeIgniter.php(800): CodeIgniter\Router\RouteCollection->loadRoutes()
22 SYSTEMPATH\CodeIgniter.php(447): CodeIgniter\CodeIgniter->tryToRouteIt(null)
23 SYSTEMPATH\CodeIgniter.php(366): CodeIgniter\CodeIgniter->handleRequest(null, Object(Config\Cache), false)
24 FCPATH\index.php(77): CodeIgniter\CodeIgniter->run()
INFO - 2023-08-24 16:44:10 --> Session: Class initialized using 'CodeIgniter\Session\Handlers\DatabaseHandler' driver.
INFO - 2023-08-24 16:44:11 --> Session: Class initialized using 'CodeIgniter\Session\Handlers\DatabaseHandler' driver.
INFO - 2023-08-24 16:44:11 --> Session: Class initialized using 'CodeIgniter\Session\Handlers\DatabaseHandler' driver.
INFO - 2023-08-24 16:44:11 --> Session: Class initialized using 'CodeIgniter\Session\Handlers\DatabaseHandler' driver.
INFO - 2023-08-24 16:44:14 --> Session: Class initialized using 'CodeIgniter\Session\Handlers\DatabaseHandler' driver.
INFO - 2023-08-24 22:14:14 --> CSRF token verified.
INFO - 2023-08-24 16:44:14 --> Session: Class initialized using 'CodeIgniter\Session\Handlers\DatabaseHandler' driver.
INFO - 2023-08-24 16:44:14 --> Session: Class initialized using 'CodeIgniter\Session\Handlers\DatabaseHandler' driver.
INFO - 2023-08-24 16:44:14 --> Session: Class initialized using 'CodeIgniter\Session\Handlers\DatabaseHandler' driver.
INFO - 2023-08-24 16:44:16 --> Session: Class initialized using 'CodeIgniter\Session\Handlers\DatabaseHandler' driver.
INFO - 2023-08-24 16:44:17 --> Session: Class initialized using 'CodeIgniter\Session\Handlers\DatabaseHandler' driver.
INFO - 2023-08-24 16:44:17 --> Session: Class initialized using 'CodeIgniter\Session\Handlers\DatabaseHandler' driver.
INFO - 2023-08-24 16:44:20 --> Session: Class initialized using 'CodeIgniter\Session\Handlers\DatabaseHandler' driver.
INFO - 2023-08-24 16:44:20 --> Session: Class initialized using 'CodeIgniter\Session\Handlers\DatabaseHandler' driver.
INFO - 2023-08-24 16:44:20 --> Session: Class initialized using 'CodeIgniter\Session\Handlers\DatabaseHandler' driver.
INFO - 2023-08-24 16:44:23 --> Session: Class initialized using 'CodeIgniter\Session\Handlers\DatabaseHandler' driver.
INFO - 2023-08-24 16:44:24 --> Session: Class initialized using 'CodeIgniter\Session\Handlers\DatabaseHandler' driver.
INFO - 2023-08-24 16:44:25 --> Session: Class initialized using 'CodeIgniter\Session\Handlers\DatabaseHandler' driver.
INFO - 2023-08-24 16:44:26 --> Session: Class initialized using 'CodeIgniter\Session\Handlers\DatabaseHandler' driver.
INFO - 2023-08-24 16:44:26 --> Session: Class initialized using 'CodeIgniter\Session\Handlers\DatabaseHandler' driver.
INFO - 2023-08-24 16:44:26 --> Session: Class initialized using 'CodeIgniter\Session\Handlers\DatabaseHandler' driver.
INFO - 2023-08-24 16:45:12 --> Session: Class initialized using 'CodeIgniter\Session\Handlers\DatabaseHandler' driver.
INFO - 2023-08-24 22:15:12 --> CSRF token verified.
INFO - 2023-08-24 16:45:15 --> Session: Class initialized using 'CodeIgniter\Session\Handlers\DatabaseHandler' driver.
INFO - 2023-08-24 16:45:15 --> Session: Class initialized using 'CodeIgniter\Session\Handlers\DatabaseHandler' driver.
INFO - 2023-08-24 16:45:16 --> Session: Class initialized using 'CodeIgniter\Session\Handlers\DatabaseHandler' driver.
INFO - 2023-08-24 16:45:17 --> Session: Class initialized using 'CodeIgniter\Session\Handlers\DatabaseHandler' driver.
INFO - 2023-08-24 16:45:17 --> Session: Class initialized using 'CodeIgniter\Session\Handlers\DatabaseHandler' driver.
INFO - 2023-08-24 16:45:19 --> Session: Class initialized using 'CodeIgniter\Session\Handlers\DatabaseHandler' driver.
INFO - 2023-08-24 16:45:20 --> Session: Class initialized using 'CodeIgniter\Session\Handlers\DatabaseHandler' driver.
INFO - 2023-08-24 16:45:20 --> Session: Class initialized using 'CodeIgniter\Session\Handlers\DatabaseHandler' driver.
INFO - 2023-08-24 16:45:22 --> Session: Class initialized using 'CodeIgniter\Session\Handlers\DatabaseHandler' driver.
INFO - 2023-08-24 16:45:23 --> Session: Class initialized using 'CodeIgniter\Session\Handlers\DatabaseHandler' driver.
INFO - 2023-08-24 16:45:23 --> Session: Class initialized using 'CodeIgniter\Session\Handlers\DatabaseHandler' driver.
INFO - 2023-08-24 16:45:25 --> Session: Class initialized using 'CodeIgniter\Session\Handlers\DatabaseHandler' driver.
INFO - 2023-08-24 16:45:26 --> Session: Class initialized using 'CodeIgniter\Session\Handlers\DatabaseHandler' driver.
INFO - 2023-08-24 16:45:26 --> Session: Class initialized using 'CodeIgniter\Session\Handlers\DatabaseHandler' driver.
INFO - 2023-08-24 16:45:27 --> Session: Class initialized using 'CodeIgniter\Session\Handlers\DatabaseHandler' driver.
INFO - 2023-08-24 16:45:28 --> Session: Class initialized using 'CodeIgniter\Session\Handlers\DatabaseHandler' driver.
INFO - 2023-08-24 16:45:28 --> Session: Class initialized using 'CodeIgniter\Session\Handlers\DatabaseHandler' driver.
INFO - 2023-08-24 16:45:29 --> Session: Class initialized using 'CodeIgniter\Session\Handlers\DatabaseHandler' driver.
INFO - 2023-08-24 16:45:30 --> Session: Class initialized using 'CodeIgniter\Session\Handlers\DatabaseHandler' driver.
INFO - 2023-08-24 16:45:30 --> Session: Class initialized using 'CodeIgniter\Session\Handlers\DatabaseHandler' driver.
INFO - 2023-08-24 16:45:32 --> Session: Class initialized using 'CodeIgniter\Session\Handlers\DatabaseHandler' driver.
INFO - 2023-08-24 16:45:33 --> Session: Class initialized using 'CodeIgniter\Session\Handlers\DatabaseHandler' driver.
INFO - 2023-08-24 16:45:33 --> Session: Class initialized using 'CodeIgniter\Session\Handlers\DatabaseHandler' driver.
INFO - 2023-08-24 16:45:34 --> Session: Class initialized using 'CodeIgniter\Session\Handlers\DatabaseHandler' driver.
INFO - 2023-08-24 16:45:35 --> Session: Class initialized using 'CodeIgniter\Session\Handlers\DatabaseHandler' driver.
INFO - 2023-08-24 16:45:35 --> Session: Class initialized using 'CodeIgniter\Session\Handlers\DatabaseHandler' driver.
INFO - 2023-08-24 16:45:36 --> Session: Class initialized using 'CodeIgniter\Session\Handlers\DatabaseHandler' driver.
INFO - 2023-08-24 16:45:37 --> Session: Class initialized using 'CodeIgniter\Session\Handlers\DatabaseHandler' driver.
INFO - 2023-08-24 16:45:44 --> Session: Class initialized using 'CodeIgniter\Session\Handlers\DatabaseHandler' driver.
INFO - 2023-08-24 22:15:44 --> CSRF token verified.
INFO - 2023-08-24 16:45:50 --> Session: Class initialized using 'CodeIgniter\Session\Handlers\DatabaseHandler' driver.
INFO - 2023-08-24 22:15:50 --> CSRF token verified.
INFO - 2023-08-24 16:45:51 --> Session: Class initialized using 'CodeIgniter\Session\Handlers\DatabaseHandler' driver.
INFO - 2023-08-24 22:15:51 --> CSRF token verified.
INFO - 2023-08-24 16:46:01 --> Session: Class initialized using 'CodeIgniter\Session\Handlers\DatabaseHandler' driver.
INFO - 2023-08-24 22:16:01 --> CSRF token verified.
INFO - 2023-08-24 16:46:01 --> Session: Class initialized using 'CodeIgniter\Session\Handlers\DatabaseHandler' driver.
INFO - 2023-08-24 16:46:02 --> Session: Class initialized using 'CodeIgniter\Session\Handlers\DatabaseHandler' driver.
INFO - 2023-08-24 16:46:03 --> Session: Class initialized using 'CodeIgniter\Session\Handlers\DatabaseHandler' driver.
INFO - 2023-08-24 16:46:03 --> Session: Class initialized using 'CodeIgniter\Session\Handlers\DatabaseHandler' driver.
INFO - 2023-08-24 16:46:04 --> Session: Class initialized using 'CodeIgniter\Session\Handlers\DatabaseHandler' driver.
INFO - 2023-08-24 16:46:04 --> Session: Class initialized using 'CodeIgniter\Session\Handlers\DatabaseHandler' driver.
INFO - 2023-08-24 16:46:05 --> Session: Class initialized using 'CodeIgniter\Session\Handlers\DatabaseHandler' driver.
INFO - 2023-08-24 16:46:06 --> Session: Class initialized using 'CodeIgniter\Session\Handlers\DatabaseHandler' driver.
INFO - 2023-08-24 16:46:06 --> Session: Class initialized using 'CodeIgniter\Session\Handlers\DatabaseHandler' driver.
INFO - 2023-08-24 16:46:07 --> Session: Class initialized using 'CodeIgniter\Session\Handlers\DatabaseHandler' driver.
INFO - 2023-08-24 16:46:08 --> Session: Class initialized using 'CodeIgniter\Session\Handlers\DatabaseHandler' driver.
INFO - 2023-08-24 16:46:08 --> Session: Class initialized using 'CodeIgniter\Session\Handlers\DatabaseHandler' driver.
INFO - 2023-08-24 16:46:15 --> Session: Class initialized using 'CodeIgniter\Session\Handlers\DatabaseHandler' driver.
INFO - 2023-08-24 16:46:39 --> Session: Class initialized using 'CodeIgniter\Session\Handlers\DatabaseHandler' driver.
CRITICAL - 2023-08-24 22:16:39 --> Undefined variable $dataArray
in APPPATH\Views\admin\epaper\epaper_pdf.php on line 8301.
 1 APPPATH\Views\admin\epaper\epaper_pdf.php(8301): CodeIgniter\Debug\Exceptions->errorHandler(2, 'Undefined variable $dataArray', 'C:\\xampp\\htdocs\\epaper\\app\\Views\\admin\\epaper\\epaper_pdf.php', 8301)
 2 SYSTEMPATH\View\View.php(224): include('C:\\xampp\\htdocs\\epaper\\app\\Views\\admin\\epaper\\epaper_pdf.php')
 3 SYSTEMPATH\View\View.php(227): CodeIgniter\View\View->CodeIgniter\View\{closure}()
 4 SYSTEMPATH\Common.php(1180): CodeIgniter\View\View->render('admin/epaper/epaper_pdf', [], true)
 5 APPPATH\Controllers\EpaperController.php(108): view('admin/epaper/epaper_pdf')
 6 SYSTEMPATH\CodeIgniter.php(932): App\Controllers\EpaperController->downloadPdf('10')
 7 SYSTEMPATH\CodeIgniter.php(497): CodeIgniter\CodeIgniter->runController(Object(App\Controllers\EpaperController))
 8 SYSTEMPATH\CodeIgniter.php(366): CodeIgniter\CodeIgniter->handleRequest(null, Object(Config\Cache), false)
 9 FCPATH\index.php(77): CodeIgniter\CodeIgniter->run()
INFO - 2023-08-24 16:47:31 --> Session: Class initialized using 'CodeIgniter\Session\Handlers\DatabaseHandler' driver.
INFO - 2023-08-24 16:48:10 --> Session: Class initialized using 'CodeIgniter\Session\Handlers\DatabaseHandler' driver.
INFO - 2023-08-24 16:48:34 --> Session: Class initialized using 'CodeIgniter\Session\Handlers\DatabaseHandler' driver.
INFO - 2023-08-24 16:49:20 --> Session: Class initialized using 'CodeIgniter\Session\Handlers\DatabaseHandler' driver.
INFO - 2023-08-24 16:50:02 --> Session: Class initialized using 'CodeIgniter\Session\Handlers\DatabaseHandler' driver.
INFO - 2023-08-24 16:50:18 --> Session: Class initialized using 'CodeIgniter\Session\Handlers\DatabaseHandler' driver.
INFO - 2023-08-24 16:51:28 --> Session: Class initialized using 'CodeIgniter\Session\Handlers\DatabaseHandler' driver.
INFO - 2023-08-24 16:52:41 --> Session: Class initialized using 'CodeIgniter\Session\Handlers\DatabaseHandler' driver.
INFO - 2023-08-24 16:52:50 --> Session: Class initialized using 'CodeIgniter\Session\Handlers\DatabaseHandler' driver.
INFO - 2023-08-24 16:53:52 --> Session: Class initialized using 'CodeIgniter\Session\Handlers\DatabaseHandler' driver.
INFO - 2023-08-24 16:54:12 --> Session: Class initialized using 'CodeIgniter\Session\Handlers\DatabaseHandler' driver.
INFO - 2023-08-24 16:54:14 --> Session: Class initialized using 'CodeIgniter\Session\Handlers\DatabaseHandler' driver.
INFO - 2023-08-24 16:54:51 --> Session: Class initialized using 'CodeIgniter\Session\Handlers\DatabaseHandler' driver.
INFO - 2023-08-24 16:55:04 --> Session: Class initialized using 'CodeIgniter\Session\Handlers\DatabaseHandler' driver.
INFO - 2023-08-24 16:56:12 --> Session: Class initialized using 'CodeIgniter\Session\Handlers\DatabaseHandler' driver.
INFO - 2023-08-24 16:56:58 --> Session: Class initialized using 'CodeIgniter\Session\Handlers\DatabaseHandler' driver.
INFO - 2023-08-24 16:57:36 --> Session: Class initialized using 'CodeIgniter\Session\Handlers\DatabaseHandler' driver.
INFO - 2023-08-24 17:01:31 --> Session: Class initialized using 'CodeIgniter\Session\Handlers\DatabaseHandler' driver.
INFO - 2023-08-24 17:01:52 --> Session: Class initialized using 'CodeIgniter\Session\Handlers\DatabaseHandler' driver.
INFO - 2023-08-24 17:02:39 --> Session: Class initialized using 'CodeIgniter\Session\Handlers\DatabaseHandler' driver.
INFO - 2023-08-24 17:02:54 --> Session: Class initialized using 'CodeIgniter\Session\Handlers\DatabaseHandler' driver.
INFO - 2023-08-24 17:03:27 --> Session: Class initialized using 'CodeIgniter\Session\Handlers\DatabaseHandler' driver.
INFO - 2023-08-24 17:03:39 --> Session: Class initialized using 'CodeIgniter\Session\Handlers\DatabaseHandler' driver.
INFO - 2023-08-24 17:04:47 --> Session: Class initialized using 'CodeIgniter\Session\Handlers\DatabaseHandler' driver.
INFO - 2023-08-24 17:05:00 --> Session: Class initialized using 'CodeIgniter\Session\Handlers\DatabaseHandler' driver.
INFO - 2023-08-24 17:06:11 --> Session: Class initialized using 'CodeIgniter\Session\Handlers\DatabaseHandler' driver.
INFO - 2023-08-24 17:06:23 --> Session: Class initialized using 'CodeIgniter\Session\Handlers\DatabaseHandler' driver.
INFO - 2023-08-24 17:06:56 --> Session: Class initialized using 'CodeIgniter\Session\Handlers\DatabaseHandler' driver.
INFO - 2023-08-24 17:07:20 --> Session: Class initialized using 'CodeIgniter\Session\Handlers\DatabaseHandler' driver.
INFO - 2023-08-24 17:07:59 --> Session: Class initialized using 'CodeIgniter\Session\Handlers\DatabaseHandler' driver.
INFO - 2023-08-24 17:09:37 --> Session: Class initialized using 'CodeIgniter\Session\Handlers\DatabaseHandler' driver.
INFO - 2023-08-24 17:12:19 --> Session: Class initialized using 'CodeIgniter\Session\Handlers\DatabaseHandler' driver.
INFO - 2023-08-24 17:12:24 --> Session: Class initialized using 'CodeIgniter\Session\Handlers\DatabaseHandler' driver.
INFO - 2023-08-24 17:12:53 --> Session: Class initialized using 'CodeIgniter\Session\Handlers\DatabaseHandler' driver.
INFO - 2023-08-24 17:12:55 --> Session: Class initialized using 'CodeIgniter\Session\Handlers\DatabaseHandler' driver.
INFO - 2023-08-24 17:21:14 --> Session: Class initialized using 'CodeIgniter\Session\Handlers\DatabaseHandler' driver.
INFO - 2023-08-24 17:21:27 --> Session: Class initialized using 'CodeIgniter\Session\Handlers\DatabaseHandler' driver.
INFO - 2023-08-24 17:22:21 --> Session: Class initialized using 'CodeIgniter\Session\Handlers\DatabaseHandler' driver.
INFO - 2023-08-24 17:24:09 --> Session: Class initialized using 'CodeIgniter\Session\Handlers\DatabaseHandler' driver.
INFO - 2023-08-24 17:25:46 --> Session: Class initialized using 'CodeIgniter\Session\Handlers\DatabaseHandler' driver.
INFO - 2023-08-24 17:26:16 --> Session: Class initialized using 'CodeIgniter\Session\Handlers\DatabaseHandler' driver.
INFO - 2023-08-24 17:27:20 --> Session: Class initialized using 'CodeIgniter\Session\Handlers\DatabaseHandler' driver.
INFO - 2023-08-24 17:27:20 --> Session: Class initialized using 'CodeIgniter\Session\Handlers\DatabaseHandler' driver.
INFO - 2023-08-24 17:27:22 --> Session: Class initialized using 'CodeIgniter\Session\Handlers\DatabaseHandler' driver.
INFO - 2023-08-24 17:27:22 --> Session: Class initialized using 'CodeIgniter\Session\Handlers\DatabaseHandler' driver.
INFO - 2023-08-24 17:27:23 --> Session: Class initialized using 'CodeIgniter\Session\Handlers\DatabaseHandler' driver.
INFO - 2023-08-24 17:27:23 --> Session: Class initialized using 'CodeIgniter\Session\Handlers\DatabaseHandler' driver.
INFO - 2023-08-24 17:27:24 --> Session: Class initialized using 'CodeIgniter\Session\Handlers\DatabaseHandler' driver.
INFO - 2023-08-24 17:27:25 --> Session: Class initialized using 'CodeIgniter\Session\Handlers\DatabaseHandler' driver.
INFO - 2023-08-24 17:27:25 --> Session: Class initialized using 'CodeIgniter\Session\Handlers\DatabaseHandler' driver.
INFO - 2023-08-24 17:27:25 --> Session: Class initialized using 'CodeIgniter\Session\Handlers\DatabaseHandler' driver.
INFO - 2023-08-24 17:27:30 --> Session: Class initialized using 'CodeIgniter\Session\Handlers\DatabaseHandler' driver.
INFO - 2023-08-24 17:29:18 --> Session: Class initialized using 'CodeIgniter\Session\Handlers\DatabaseHandler' driver.
INFO - 2023-08-24 17:30:05 --> Session: Class initialized using 'CodeIgniter\Session\Handlers\DatabaseHandler' driver.
INFO - 2023-08-24 17:31:03 --> Session: Class initialized using 'CodeIgniter\Session\Handlers\DatabaseHandler' driver.
INFO - 2023-08-24 17:31:27 --> Session: Class initialized using 'CodeIgniter\Session\Handlers\DatabaseHandler' driver.
INFO - 2023-08-24 17:35:23 --> Session: Class initialized using 'CodeIgniter\Session\Handlers\DatabaseHandler' driver.
CRITICAL - 2023-08-24 23:05:23 --> Class "TCPDF\TCPDF" not found
in APPPATH\Controllers\EpaperController.php on line 108.
 1 SYSTEMPATH\CodeIgniter.php(932): App\Controllers\EpaperController->downloadPdf('10')
 2 SYSTEMPATH\CodeIgniter.php(497): CodeIgniter\CodeIgniter->runController(Object(App\Controllers\EpaperController))
 3 SYSTEMPATH\CodeIgniter.php(366): CodeIgniter\CodeIgniter->handleRequest(null, Object(Config\Cache), false)
 4 FCPATH\index.php(77): CodeIgniter\CodeIgniter->run()
INFO - 2023-08-24 17:36:44 --> Session: Class initialized using 'CodeIgniter\Session\Handlers\DatabaseHandler' driver.
CRITICAL - 2023-08-24 23:06:44 --> Class "TCPDF\TCPDF" not found
in APPPATH\Controllers\EpaperController.php on line 108.
 1 SYSTEMPATH\CodeIgniter.php(932): App\Controllers\EpaperController->downloadPdf('10')
 2 SYSTEMPATH\CodeIgniter.php(497): CodeIgniter\CodeIgniter->runController(Object(App\Controllers\EpaperController))
 3 SYSTEMPATH\CodeIgniter.php(366): CodeIgniter\CodeIgniter->handleRequest(null, Object(Config\Cache), false)
 4 FCPATH\index.php(77): CodeIgniter\CodeIgniter->run()
INFO - 2023-08-24 17:37:35 --> Session: Class initialized using 'CodeIgniter\Session\Handlers\DatabaseHandler' driver.
CRITICAL - 2023-08-24 23:07:35 --> Class "App\Controllers\TCPDF" not found
in APPPATH\Controllers\EpaperController.php on line 107.
 1 SYSTEMPATH\CodeIgniter.php(932): App\Controllers\EpaperController->downloadPdf('10')
 2 SYSTEMPATH\CodeIgniter.php(497): CodeIgniter\CodeIgniter->runController(Object(App\Controllers\EpaperController))
 3 SYSTEMPATH\CodeIgniter.php(366): CodeIgniter\CodeIgniter->handleRequest(null, Object(Config\Cache), false)
 4 FCPATH\index.php(77): CodeIgniter\CodeIgniter->run()
INFO - 2023-08-24 17:39:34 --> Session: Class initialized using 'CodeIgniter\Session\Handlers\DatabaseHandler' driver.
CRITICAL - 2023-08-24 23:09:34 --> Class "App\Controllers\TCPDF" not found
in APPPATH\Controllers\EpaperController.php on line 107.
 1 SYSTEMPATH\CodeIgniter.php(932): App\Controllers\EpaperController->downloadPdf('10')
 2 SYSTEMPATH\CodeIgniter.php(497): CodeIgniter\CodeIgniter->runController(Object(App\Controllers\EpaperController))
 3 SYSTEMPATH\CodeIgniter.php(366): CodeIgniter\CodeIgniter->handleRequest(null, Object(Config\Cache), false)
 4 FCPATH\index.php(77): CodeIgniter\CodeIgniter->run()
INFO - 2023-08-24 17:39:36 --> Session: Class initialized using 'CodeIgniter\Session\Handlers\DatabaseHandler' driver.
CRITICAL - 2023-08-24 23:09:36 --> Class "App\Controllers\TCPDF" not found
in APPPATH\Controllers\EpaperController.php on line 107.
 1 SYSTEMPATH\CodeIgniter.php(932): App\Controllers\EpaperController->downloadPdf('10')
 2 SYSTEMPATH\CodeIgniter.php(497): CodeIgniter\CodeIgniter->runController(Object(App\Controllers\EpaperController))
 3 SYSTEMPATH\CodeIgniter.php(366): CodeIgniter\CodeIgniter->handleRequest(null, Object(Config\Cache), false)
 4 FCPATH\index.php(77): CodeIgniter\CodeIgniter->run()
INFO - 2023-08-24 17:39:44 --> Session: Class initialized using 'CodeIgniter\Session\Handlers\DatabaseHandler' driver.
CRITICAL - 2023-08-24 23:09:44 --> Class "App\Controllers\TCPDF" not found
in APPPATH\Controllers\EpaperController.php on line 107.
 1 SYSTEMPATH\CodeIgniter.php(932): App\Controllers\EpaperController->downloadPdf('10')
 2 SYSTEMPATH\CodeIgniter.php(497): CodeIgniter\CodeIgniter->runController(Object(App\Controllers\EpaperController))
 3 SYSTEMPATH\CodeIgniter.php(366): CodeIgniter\CodeIgniter->handleRequest(null, Object(Config\Cache), false)
 4 FCPATH\index.php(77): CodeIgniter\CodeIgniter->run()
INFO - 2023-08-24 17:39:46 --> Session: Class initialized using 'CodeIgniter\Session\Handlers\DatabaseHandler' driver.
CRITICAL - 2023-08-24 23:09:46 --> Class "App\Controllers\TCPDF" not found
in APPPATH\Controllers\EpaperController.php on line 107.
 1 SYSTEMPATH\CodeIgniter.php(932): App\Controllers\EpaperController->downloadPdf('10')
 2 SYSTEMPATH\CodeIgniter.php(497): CodeIgniter\CodeIgniter->runController(Object(App\Controllers\EpaperController))
 3 SYSTEMPATH\CodeIgniter.php(366): CodeIgniter\CodeIgniter->handleRequest(null, Object(Config\Cache), false)
 4 FCPATH\index.php(77): CodeIgniter\CodeIgniter->run()
INFO - 2023-08-24 17:39:52 --> Session: Class initialized using 'CodeIgniter\Session\Handlers\DatabaseHandler' driver.
CRITICAL - 2023-08-24 23:09:52 --> Class "TCPDF\TCPDF" not found
in APPPATH\Controllers\EpaperController.php on line 108.
 1 SYSTEMPATH\CodeIgniter.php(932): App\Controllers\EpaperController->downloadPdf('10')
 2 SYSTEMPATH\CodeIgniter.php(497): CodeIgniter\CodeIgniter->runController(Object(App\Controllers\EpaperController))
 3 SYSTEMPATH\CodeIgniter.php(366): CodeIgniter\CodeIgniter->handleRequest(null, Object(Config\Cache), false)
 4 FCPATH\index.php(77): CodeIgniter\CodeIgniter->run()
INFO - 2023-08-24 17:43:30 --> Session: Class initialized using 'CodeIgniter\Session\Handlers\DatabaseHandler' driver.
CRITICAL - 2023-08-24 23:13:30 --> Class "TCPDF\TCPDF" not found
in APPPATH\Controllers\EpaperController.php on line 108.
 1 SYSTEMPATH\CodeIgniter.php(932): App\Controllers\EpaperController->downloadPdf('10')
 2 SYSTEMPATH\CodeIgniter.php(497): CodeIgniter\CodeIgniter->runController(Object(App\Controllers\EpaperController))
 3 SYSTEMPATH\CodeIgniter.php(366): CodeIgniter\CodeIgniter->handleRequest(null, Object(Config\Cache), false)
 4 FCPATH\index.php(77): CodeIgniter\CodeIgniter->run()
INFO - 2023-08-24 17:43:35 --> Session: Class initialized using 'CodeIgniter\Session\Handlers\DatabaseHandler' driver.
CRITICAL - 2023-08-24 23:13:35 --> Class "TCPDF\TCPDF" not found
in APPPATH\Controllers\EpaperController.php on line 108.
 1 SYSTEMPATH\CodeIgniter.php(932): App\Controllers\EpaperController->downloadPdf('10')
 2 SYSTEMPATH\CodeIgniter.php(497): CodeIgniter\CodeIgniter->runController(Object(App\Controllers\EpaperController))
 3 SYSTEMPATH\CodeIgniter.php(366): CodeIgniter\CodeIgniter->handleRequest(null, Object(Config\Cache), false)
 4 FCPATH\index.php(77): CodeIgniter\CodeIgniter->run()
INFO - 2023-08-24 17:43:42 --> Session: Class initialized using 'CodeIgniter\Session\Handlers\DatabaseHandler' driver.
INFO - 2023-08-24 17:44:25 --> Session: Class initialized using 'CodeIgniter\Session\Handlers\DatabaseHandler' driver.
CRITICAL - 2023-08-24 23:14:25 --> Class "TCPDF\TCPDF" not found
in APPPATH\Controllers\EpaperController.php on line 108.
 1 SYSTEMPATH\CodeIgniter.php(932): App\Controllers\EpaperController->downloadPdf('10')
 2 SYSTEMPATH\CodeIgniter.php(497): CodeIgniter\CodeIgniter->runController(Object(App\Controllers\EpaperController))
 3 SYSTEMPATH\CodeIgniter.php(366): CodeIgniter\CodeIgniter->handleRequest(null, Object(Config\Cache), false)
 4 FCPATH\index.php(77): CodeIgniter\CodeIgniter->run()
INFO - 2023-08-24 17:44:35 --> Session: Class initialized using 'CodeIgniter\Session\Handlers\DatabaseHandler' driver.
CRITICAL - 2023-08-24 23:14:35 --> Class "TCPDF\TCPDF" not found
in APPPATH\Controllers\EpaperController.php on line 108.
 1 SYSTEMPATH\CodeIgniter.php(932): App\Controllers\EpaperController->downloadPdf('10')
 2 SYSTEMPATH\CodeIgniter.php(497): CodeIgniter\CodeIgniter->runController(Object(App\Controllers\EpaperController))
 3 SYSTEMPATH\CodeIgniter.php(366): CodeIgniter\CodeIgniter->handleRequest(null, Object(Config\Cache), false)
 4 FCPATH\index.php(77): CodeIgniter\CodeIgniter->run()
INFO - 2023-08-24 17:45:17 --> Session: Class initialized using 'CodeIgniter\Session\Handlers\DatabaseHandler' driver.
CRITICAL - 2023-08-24 23:15:17 --> Class "tcpdf\TCPDF" not found
in APPPATH\Controllers\EpaperController.php on line 108.
 1 SYSTEMPATH\CodeIgniter.php(932): App\Controllers\EpaperController->downloadPdf('10')
 2 SYSTEMPATH\CodeIgniter.php(497): CodeIgniter\CodeIgniter->runController(Object(App\Controllers\EpaperController))
 3 SYSTEMPATH\CodeIgniter.php(366): CodeIgniter\CodeIgniter->handleRequest(null, Object(Config\Cache), false)
 4 FCPATH\index.php(77): CodeIgniter\CodeIgniter->run()
INFO - 2023-08-24 17:45:41 --> Session: Class initialized using 'CodeIgniter\Session\Handlers\DatabaseHandler' driver.
INFO - 2023-08-24 17:46:11 --> Session: Class initialized using 'CodeIgniter\Session\Handlers\DatabaseHandler' driver.
CRITICAL - 2023-08-24 23:16:12 --> syntax error, unexpected token "exit", expecting "function" or "const"
in APPPATH\ThirdParty\tcpdf\vendor\tecnickcom\tcpdf\tcpdf.php on line 138.
 1 APPPATH\ThirdParty\domain-parser\composer\ClassLoader.php(322): Composer\Autoload\includeFile('C:\\xampp\\htdocs\\epaper\\app\\ThirdParty\\tcpdf\\vendor\\composer/../tecnickcom/tcpdf/tcpdf.php')
 2 APPPATH\Controllers\EpaperController.php(108): Composer\Autoload\ClassLoader->loadClass('TCPDF')
 3 SYSTEMPATH\CodeIgniter.php(932): App\Controllers\EpaperController->downloadPdf('10')
 4 SYSTEMPATH\CodeIgniter.php(497): CodeIgniter\CodeIgniter->runController(Object(App\Controllers\EpaperController))
 5 SYSTEMPATH\CodeIgniter.php(366): CodeIgniter\CodeIgniter->handleRequest(null, Object(Config\Cache), false)
 6 FCPATH\index.php(77): CodeIgniter\CodeIgniter->run()
INFO - 2023-08-24 17:46:44 --> Session: Class initialized using 'CodeIgniter\Session\Handlers\DatabaseHandler' driver.
INFO - 2023-08-24 17:48:15 --> Session: Class initialized using 'CodeIgniter\Session\Handlers\DatabaseHandler' driver.
INFO - 2023-08-24 17:48:30 --> Session: Class initialized using 'CodeIgniter\Session\Handlers\DatabaseHandler' driver.
CRITICAL - 2023-08-24 23:18:30 --> Class "TCPDF\TCPDF" not found
in APPPATH\Controllers\EpaperController.php on line 108.
 1 SYSTEMPATH\CodeIgniter.php(932): App\Controllers\EpaperController->downloadPdf('10')
 2 SYSTEMPATH\CodeIgniter.php(497): CodeIgniter\CodeIgniter->runController(Object(App\Controllers\EpaperController))
 3 SYSTEMPATH\CodeIgniter.php(366): CodeIgniter\CodeIgniter->handleRequest(null, Object(Config\Cache), false)
 4 FCPATH\index.php(77): CodeIgniter\CodeIgniter->run()
INFO - 2023-08-24 17:48:49 --> Session: Class initialized using 'CodeIgniter\Session\Handlers\DatabaseHandler' driver.
CRITICAL - 2023-08-24 23:18:49 --> Class "App\Controllers\TCPDF" not found
in APPPATH\Controllers\EpaperController.php on line 108.
 1 SYSTEMPATH\CodeIgniter.php(932): App\Controllers\EpaperController->downloadPdf('10')
 2 SYSTEMPATH\CodeIgniter.php(497): CodeIgniter\CodeIgniter->runController(Object(App\Controllers\EpaperController))
 3 SYSTEMPATH\CodeIgniter.php(366): CodeIgniter\CodeIgniter->handleRequest(null, Object(Config\Cache), false)
 4 FCPATH\index.php(77): CodeIgniter\CodeIgniter->run()
INFO - 2023-08-24 17:49:05 --> Session: Class initialized using 'CodeIgniter\Session\Handlers\DatabaseHandler' driver.
INFO - 2023-08-24 17:49:54 --> Session: Class initialized using 'CodeIgniter\Session\Handlers\DatabaseHandler' driver.
INFO - 2023-08-24 17:50:51 --> Session: Class initialized using 'CodeIgniter\Session\Handlers\DatabaseHandler' driver.
CRITICAL - 2023-08-24 23:20:51 --> Class "App\Controllers\Options" not found
in APPPATH\Controllers\EpaperController.php on line 117.
 1 SYSTEMPATH\CodeIgniter.php(932): App\Controllers\EpaperController->downloadPdf('10')
 2 SYSTEMPATH\CodeIgniter.php(497): CodeIgniter\CodeIgniter->runController(Object(App\Controllers\EpaperController))
 3 SYSTEMPATH\CodeIgniter.php(366): CodeIgniter\CodeIgniter->handleRequest(null, Object(Config\Cache), false)
 4 FCPATH\index.php(77): CodeIgniter\CodeIgniter->run()
INFO - 2023-08-24 17:51:09 --> Session: Class initialized using 'CodeIgniter\Session\Handlers\DatabaseHandler' driver.
CRITICAL - 2023-08-24 23:21:09 --> Class "Dompdf\Options" not found
in APPPATH\Controllers\EpaperController.php on line 118.
 1 SYSTEMPATH\CodeIgniter.php(932): App\Controllers\EpaperController->downloadPdf('10')
 2 SYSTEMPATH\CodeIgniter.php(497): CodeIgniter\CodeIgniter->runController(Object(App\Controllers\EpaperController))
 3 SYSTEMPATH\CodeIgniter.php(366): CodeIgniter\CodeIgniter->handleRequest(null, Object(Config\Cache), false)
 4 FCPATH\index.php(77): CodeIgniter\CodeIgniter->run()
INFO - 2023-08-24 17:51:45 --> Session: Class initialized using 'CodeIgniter\Session\Handlers\DatabaseHandler' driver.
INFO - 2023-08-24 17:55:58 --> Session: Class initialized using 'CodeIgniter\Session\Handlers\DatabaseHandler' driver.
INFO - 2023-08-24 17:56:06 --> Session: Class initialized using 'CodeIgniter\Session\Handlers\DatabaseHandler' driver.
INFO - 2023-08-24 17:56:30 --> Session: Class initialized using 'CodeIgniter\Session\Handlers\DatabaseHandler' driver.
INFO - 2023-08-24 17:57:24 --> Session: Class initialized using 'CodeIgniter\Session\Handlers\DatabaseHandler' driver.
INFO - 2023-08-24 17:57:28 --> Session: Class initialized using 'CodeIgniter\Session\Handlers\DatabaseHandler' driver.
INFO - 2023-08-24 17:57:52 --> Session: Class initialized using 'CodeIgniter\Session\Handlers\DatabaseHandler' driver.
INFO - 2023-08-24 17:59:24 --> Session: Class initialized using 'CodeIgniter\Session\Handlers\DatabaseHandler' driver.
INFO - 2023-08-24 17:59:27 --> Session: Class initialized using 'CodeIgniter\Session\Handlers\DatabaseHandler' driver.
INFO - 2023-08-24 17:59:50 --> Session: Class initialized using 'CodeIgniter\Session\Handlers\DatabaseHandler' driver.
INFO - 2023-08-24 18:01:22 --> Session: Class initialized using 'CodeIgniter\Session\Handlers\DatabaseHandler' driver.
INFO - 2023-08-24 18:02:04 --> Session: Class initialized using 'CodeIgniter\Session\Handlers\DatabaseHandler' driver.
INFO - 2023-08-24 18:02:29 --> Session: Class initialized using 'CodeIgniter\Session\Handlers\DatabaseHandler' driver.
INFO - 2023-08-24 18:02:41 --> Session: Class initialized using 'CodeIgniter\Session\Handlers\DatabaseHandler' driver.
INFO - 2023-08-24 18:02:44 --> Session: Class initialized using 'CodeIgniter\Session\Handlers\DatabaseHandler' driver.
INFO - 2023-08-24 18:02:45 --> Session: Class initialized using 'CodeIgniter\Session\Handlers\DatabaseHandler' driver.
INFO - 2023-08-24 18:03:02 --> Session: Class initialized using 'CodeIgniter\Session\Handlers\DatabaseHandler' driver.
INFO - 2023-08-24 18:04:03 --> Session: Class initialized using 'CodeIgniter\Session\Handlers\DatabaseHandler' driver.
INFO - 2023-08-24 18:04:06 --> Session: Class initialized using 'CodeIgniter\Session\Handlers\DatabaseHandler' driver.
INFO - 2023-08-24 18:04:07 --> Session: Class initialized using 'CodeIgniter\Session\Handlers\DatabaseHandler' driver.
INFO - 2023-08-24 18:05:10 --> Session: Class initialized using 'CodeIgniter\Session\Handlers\DatabaseHandler' driver.
INFO - 2023-08-24 18:05:12 --> Session: Class initialized using 'CodeIgniter\Session\Handlers\DatabaseHandler' driver.
INFO - 2023-08-24 18:05:21 --> Session: Class initialized using 'CodeIgniter\Session\Handlers\DatabaseHandler' driver.
INFO - 2023-08-24 18:05:24 --> Session: Class initialized using 'CodeIgniter\Session\Handlers\DatabaseHandler' driver.
INFO - 2023-08-24 18:06:51 --> Session: Class initialized using 'CodeIgniter\Session\Handlers\DatabaseHandler' driver.
INFO - 2023-08-24 18:07:38 --> Session: Class initialized using 'CodeIgniter\Session\Handlers\DatabaseHandler' driver.
CRITICAL - 2023-08-24 23:37:38 --> Class "FontMetrics" not found
in APPPATH\Controllers\EpaperController.php on line 127.
 1 SYSTEMPATH\CodeIgniter.php(932): App\Controllers\EpaperController->downloadPdf('10')
 2 SYSTEMPATH\CodeIgniter.php(497): CodeIgniter\CodeIgniter->runController(Object(App\Controllers\EpaperController))
 3 SYSTEMPATH\CodeIgniter.php(366): CodeIgniter\CodeIgniter->handleRequest(null, Object(Config\Cache), false)
 4 FCPATH\index.php(77): CodeIgniter\CodeIgniter->run()
INFO - 2023-08-24 18:08:09 --> Session: Class initialized using 'CodeIgniter\Session\Handlers\DatabaseHandler' driver.
CRITICAL - 2023-08-24 23:38:09 --> Class "FontMetrics" not found
in APPPATH\Controllers\EpaperController.php on line 128.
 1 SYSTEMPATH\CodeIgniter.php(932): App\Controllers\EpaperController->downloadPdf('10')
 2 SYSTEMPATH\CodeIgniter.php(497): CodeIgniter\CodeIgniter->runController(Object(App\Controllers\EpaperController))
 3 SYSTEMPATH\CodeIgniter.php(366): CodeIgniter\CodeIgniter->handleRequest(null, Object(Config\Cache), false)
 4 FCPATH\index.php(77): CodeIgniter\CodeIgniter->run()
INFO - 2023-08-24 18:08:12 --> Session: Class initialized using 'CodeIgniter\Session\Handlers\DatabaseHandler' driver.
CRITICAL - 2023-08-24 23:38:12 --> Class "FontMetrics" not found
in APPPATH\Controllers\EpaperController.php on line 128.
 1 SYSTEMPATH\CodeIgniter.php(932): App\Controllers\EpaperController->downloadPdf('10')
 2 SYSTEMPATH\CodeIgniter.php(497): CodeIgniter\CodeIgniter->runController(Object(App\Controllers\EpaperController))
 3 SYSTEMPATH\CodeIgniter.php(366): CodeIgniter\CodeIgniter->handleRequest(null, Object(Config\Cache), false)
 4 FCPATH\index.php(77): CodeIgniter\CodeIgniter->run()
INFO - 2023-08-24 18:08:21 --> Session: Class initialized using 'CodeIgniter\Session\Handlers\DatabaseHandler' driver.
CRITICAL - 2023-08-24 23:38:21 --> Class "FontMetrics" not found
in APPPATH\Controllers\EpaperController.php on line 128.
 1 SYSTEMPATH\CodeIgniter.php(932): App\Controllers\EpaperController->downloadPdf('10')
 2 SYSTEMPATH\CodeIgniter.php(497): CodeIgniter\CodeIgniter->runController(Object(App\Controllers\EpaperController))
 3 SYSTEMPATH\CodeIgniter.php(366): CodeIgniter\CodeIgniter->handleRequest(null, Object(Config\Cache), false)
 4 FCPATH\index.php(77): CodeIgniter\CodeIgniter->run()
INFO - 2023-08-24 18:09:25 --> Session: Class initialized using 'CodeIgniter\Session\Handlers\DatabaseHandler' driver.
CRITICAL - 2023-08-24 23:39:25 --> Too few arguments to function Dompdf\FontMetrics::__construct(), 0 passed in C:\xampp\htdocs\epaper\app\Controllers\EpaperController.php on line 133 and exactly 2 expected
in APPPATH\ThirdParty\pdf\vendor\dompdf\dompdf\src\FontMetrics.php on line 71.
 1 APPPATH\Controllers\EpaperController.php(133): Dompdf\FontMetrics->__construct()
 2 SYSTEMPATH\CodeIgniter.php(932): App\Controllers\EpaperController->downloadPdf('10')
 3 SYSTEMPATH\CodeIgniter.php(497): CodeIgniter\CodeIgniter->runController(Object(App\Controllers\EpaperController))
 4 SYSTEMPATH\CodeIgniter.php(366): CodeIgniter\CodeIgniter->handleRequest(null, Object(Config\Cache), false)
 5 FCPATH\index.php(77): CodeIgniter\CodeIgniter->run()
INFO - 2023-08-24 18:14:24 --> Session: Class initialized using 'CodeIgniter\Session\Handlers\DatabaseHandler' driver.
CRITICAL - 2023-08-24 23:44:24 --> Too few arguments to function Dompdf\FontMetrics::__construct(), 0 passed in C:\xampp\htdocs\epaper\app\Controllers\EpaperController.php on line 133 and exactly 2 expected
in APPPATH\ThirdParty\pdf\vendor\dompdf\dompdf\src\FontMetrics.php on line 71.
 1 APPPATH\Controllers\EpaperController.php(133): Dompdf\FontMetrics->__construct()
 2 SYSTEMPATH\CodeIgniter.php(932): App\Controllers\EpaperController->downloadPdf('10')
 3 SYSTEMPATH\CodeIgniter.php(497): CodeIgniter\CodeIgniter->runController(Object(App\Controllers\EpaperController))
 4 SYSTEMPATH\CodeIgniter.php(366): CodeIgniter\CodeIgniter->handleRequest(null, Object(Config\Cache), false)
 5 FCPATH\index.php(77): CodeIgniter\CodeIgniter->run()
INFO - 2023-08-24 18:14:28 --> Session: Class initialized using 'CodeIgniter\Session\Handlers\DatabaseHandler' driver.
CRITICAL - 2023-08-24 23:44:28 --> Too few arguments to function Dompdf\FontMetrics::__construct(), 0 passed in C:\xampp\htdocs\epaper\app\Controllers\EpaperController.php on line 133 and exactly 2 expected
in APPPATH\ThirdParty\pdf\vendor\dompdf\dompdf\src\FontMetrics.php on line 71.
 1 APPPATH\Controllers\EpaperController.php(133): Dompdf\FontMetrics->__construct()
 2 SYSTEMPATH\CodeIgniter.php(932): App\Controllers\EpaperController->downloadPdf('10')
 3 SYSTEMPATH\CodeIgniter.php(497): CodeIgniter\CodeIgniter->runController(Object(App\Controllers\EpaperController))
 4 SYSTEMPATH\CodeIgniter.php(366): CodeIgniter\CodeIgniter->handleRequest(null, Object(Config\Cache), false)
 5 FCPATH\index.php(77): CodeIgniter\CodeIgniter->run()
INFO - 2023-08-24 18:50:19 --> Session: Class initialized using 'CodeIgniter\Session\Handlers\DatabaseHandler' driver.
INFO - 2023-08-24 18:50:21 --> Session: Class initialized using 'CodeIgniter\Session\Handlers\DatabaseHandler' driver.
INFO - 2023-08-24 18:51:21 --> Session: Class initialized using 'CodeIgniter\Session\Handlers\DatabaseHandler' driver.
INFO - 2023-08-24 18:51:31 --> Session: Class initialized using 'CodeIgniter\Session\Handlers\DatabaseHandler' driver.
INFO - 2023-08-24 18:52:08 --> Session: Class initialized using 'CodeIgniter\Session\Handlers\DatabaseHandler' driver.
INFO - 2023-08-24 18:52:18 --> Session: Class initialized using 'CodeIgniter\Session\Handlers\DatabaseHandler' driver.
INFO - 2023-08-24 18:52:21 --> Session: Class initialized using 'CodeIgniter\Session\Handlers\DatabaseHandler' driver.
INFO - 2023-08-24 18:52:25 --> Session: Class initialized using 'CodeIgniter\Session\Handlers\DatabaseHandler' driver.
INFO - 2023-08-24 18:53:37 --> Session: Class initialized using 'CodeIgniter\Session\Handlers\DatabaseHandler' driver.
INFO - 2023-08-24 18:54:51 --> Session: Class initialized using 'CodeIgniter\Session\Handlers\DatabaseHandler' driver.
INFO - 2023-08-24 18:54:56 --> Session: Class initialized using 'CodeIgniter\Session\Handlers\DatabaseHandler' driver.
